This file contains any messages produced by compilers while
running configure, to aid debugging if configure makes a mistake.

It was created by configure, which was
generated by GNU Autoconf 2.69.  Invocation command line was

  $ auto/configure --srcdir=. --cache-file=auto/config.cache

## --------- ##
## Platform. ##
## --------- ##

hostname = ficussigma
uname -m = x86_64
uname -r = 4.4.0-47-generic
uname -s = Linux
uname -v = #68~14.04.1-Ubuntu SMP Wed Oct 26 19:42:11 UTC 2016

/usr/bin/uname -p = unknown
/bin/uname -X     = unknown

/bin/arch              = unknown
/usr/bin/arch -k       = unknown
/usr/convex/getsysinfo = unknown
/usr/bin/hostinfo      = unknown
/bin/machine           = unknown
/usr/bin/oslevel       = unknown
/bin/universe          = unknown

PATH: /usr/local/cuda/bin
PATH: .
PATH: /bin
PATH: /sbin
PATH: /usr/local/sbin
PATH: /usr/local/bin
PATH: /usr/sbin
PATH: /usr/bin
PATH: /usr/local/cuda/bin
PATH: /usr/local/lib
PATH: /usr/local/sbin
PATH: /usr/local/bin
PATH: /usr/sbin
PATH: /usr/bin
PATH: /sbin
PATH: /bin


## ----------- ##
## Core tests. ##
## ----------- ##

configure:2543: loading cache auto/config.cache
configure:2629: checking whether make sets $(MAKE)
configure:2651: result: yes
configure:2709: checking for gcc
configure:2736: result: gcc
configure:2965: checking for C compiler version
configure:2974: gcc --version >&5
gcc (Ubuntu 4.9.4-2ubuntu1~14.04.1) 4.9.4
Copyright (C) 2015 Free Software Foundation, Inc.
This is free software; see the source for copying conditions.  There is NO
warranty; not even for MERCHANTABILITY or FITNESS FOR A PARTICULAR PURPOSE.

configure:2985: $? = 0
configure:2974: gcc -v >&5
Using built-in specs.
COLLECT_GCC=gcc
COLLECT_LTO_WRAPPER=/usr/lib/gcc/x86_64-linux-gnu/4.9/lto-wrapper
Target: x86_64-linux-gnu
Configured with: ../src/configure -v --with-pkgversion='Ubuntu 4.9.4-2ubuntu1~14.04.1' --with-bugurl=file:///usr/share/doc/gcc-4.9/README.Bugs --enable-languages=c,c++,java,go,d,fortran,objc,obj-c++ --prefix=/usr --program-suffix=-4.9 --enable-shared --enable-linker-build-id --libexecdir=/usr/lib --without-included-gettext --enable-threads=posix --with-gxx-include-dir=/usr/include/c++/4.9 --libdir=/usr/lib --enable-nls --with-sysroot=/ --enable-clocale=gnu --enable-libstdcxx-debug --enable-libstdcxx-time=yes --enable-gnu-unique-object --disable-vtable-verify --enable-plugin --with-system-zlib --disable-browser-plugin --enable-java-awt=gtk --enable-gtk-cairo --with-java-home=/usr/lib/jvm/java-1.5.0-gcj-4.9-amd64/jre --enable-java-home --with-jvm-root-dir=/usr/lib/jvm/java-1.5.0-gcj-4.9-amd64 --with-jvm-jar-dir=/usr/lib/jvm-exports/java-1.5.0-gcj-4.9-amd64 --with-arch-directory=amd64 --with-ecj-jar=/usr/share/java/eclipse-ecj.jar --enable-objc-gc --enable-multiarch --disable-werror --with-arch-32=i686 --with-abi=m64 --with-multilib-list=m32,m64,mx32 --enable-multilib --with-tune=generic --enable-checking=release --build=x86_64-linux-gnu --host=x86_64-linux-gnu --target=x86_64-linux-gnu
Thread model: posix
gcc version 4.9.4 (Ubuntu 4.9.4-2ubuntu1~14.04.1) 
configure:2985: $? = 0
configure:2974: gcc -V >&5
gcc: error: unrecognized command line option '-V'
gcc: fatal error: no input files
compilation terminated.
configure:2985: $? = 4
configure:2974: gcc -qversion >&5
gcc: error: unrecognized command line option '-qversion'
gcc: fatal error: no input files
compilation terminated.
configure:2985: $? = 4
configure:3005: checking whether the C compiler works
configure:3027: gcc    conftest.c  >&5
configure:3031: $? = 0
configure:3079: result: yes
configure:3082: checking for C compiler default output file name
configure:3084: result: a.out
configure:3090: checking for suffix of executables
configure:3097: gcc -o conftest    conftest.c  >&5
configure:3101: $? = 0
configure:3123: result: 
configure:3145: checking whether we are cross compiling
configure:3153: gcc -o conftest    conftest.c  >&5
configure:3157: $? = 0
configure:3164: ./conftest
configure:3168: $? = 0
configure:3183: result: no
configure:3188: checking for suffix of object files
configure:3235: result: o
configure:3239: checking whether we are using the GNU C compiler
configure:3267: result: yes
configure:3276: checking whether gcc accepts -g
configure:3337: result: yes
configure:3354: checking for gcc option to accept ISO C89
configure:3430: result: none needed
configure:3454: checking how to run the C preprocessor
configure:3524: result: gcc -E
configure:3544: gcc -E  conftest.c
configure:3544: $? = 0
configure:3558: gcc -E  conftest.c
conftest.c:10:28: fatal error: ac_nonexistent.h: No such file or directory
 #include <ac_nonexistent.h>
                            ^
compilation terminated.
configure:3558: $? = 1
configure: failed program was:
| /* confdefs.h */
| #define PACKAGE_NAME ""
| #define PACKAGE_TARNAME ""
| #define PACKAGE_VERSION ""
| #define PACKAGE_STRING ""
| #define PACKAGE_BUGREPORT ""
| #define PACKAGE_URL ""
| #define UNIX 1
| /* end confdefs.h.  */
| #include <ac_nonexistent.h>
configure:3587: checking for grep that handles long lines and -e
configure:3645: result: /bin/grep
configure:3650: checking for egrep
configure:3712: result: /bin/grep -E
configure:3726: checking for fgrep
configure:3788: result: /bin/grep -F
configure:3792: checking for library containing strerror
configure:3840: result: none required
configure:3851: checking for gawk
configure:3878: result: gawk
configure:3891: checking for strip
configure:3919: result: strip
configure:3930: checking for ANSI C header files
configure:4034: result: yes
configure:4042: checking for sys/wait.h that is POSIX.1 compatible
configure:4075: result: yes
configure:4085: checking --enable-fail-if-missing argument
configure:4094: result: no
configure:4117: checking for recent clang version
configure:4131: result: no
configure:4146: checking for buggy tools...
configure:4153: checking for BeOS
configure:4159: result: no
configure:4163: checking for QNX
configure:4170: result: no
configure:4174: checking for Darwin (Mac OS X)
configure:4389: result: no
configure:4395: checking for AvailabilityMacros.h
configure:4395: result: no
configure:4410: checking --with-local-dir argument
configure:4434: result: Defaulting to /usr/local
configure:4459: checking --with-vim-name argument
configure:4467: result: Defaulting to vim
configure:4472: checking --with-ex-name argument
configure:4480: result: Defaulting to ex
configure:4485: checking --with-view-name argument
configure:4493: result: Defaulting to view
configure:4499: checking --with-global-runtime argument
configure:4510: result: no
configure:4515: checking --with-modified-by argument
configure:4526: result: no
configure:4531: checking if character set is EBCDIC
configure:4550: gcc -c -g -O2  conftest.c >&5
conftest.c: In function 'main':
conftest.c:21:1: error: unknown type name 'make'
 make an error "Character set is not EBCDIC"
 ^
conftest.c:21:9: error: expected '=', ',', ';', 'asm' or '__attribute__' before 'error'
 make an error "Character set is not EBCDIC"
         ^
configure:4550: $? = 1
configure: failed program was:
| /* confdefs.h */
| #define PACKAGE_NAME ""
| #define PACKAGE_TARNAME ""
| #define PACKAGE_VERSION ""
| #define PACKAGE_STRING ""
| #define PACKAGE_BUGREPORT ""
| #define PACKAGE_URL ""
| #define UNIX 1
| #define STDC_HEADERS 1
| #define HAVE_SYS_WAIT_H 1
| /* end confdefs.h.  */
| 
| int
| main ()
| {
|  /* TryCompile function for CharSet.
|    Treat any failure as ASCII for compatibility with existing art.
|    Use compile-time rather than run-time tests for cross-compiler
|    tolerance.  */
| #if '0'!=240
| make an error "Character set is not EBCDIC"
| #endif
|   ;
|   return 0;
| }
configure:4560: result: no
configure:4621: checking --disable-smack argument
configure:4631: result: no
configure:4633: checking for linux/xattr.h
configure:4633: result: yes
configure:4646: checking for attr/xattr.h
configure:4646: result: no
configure:4720: checking --disable-selinux argument
configure:4730: result: no
configure:4732: checking for is_selinux_enabled in -lselinux
configure:4766: result: no
configure:4781: checking --with-features argument
configure:4789: result: Defaulting to huge
configure:4817: checking --with-compiledby argument
configure:4825: result: no
configure:4831: checking --disable-xsmp argument
configure:4842: result: no
configure:4844: checking --disable-xsmp-interact argument
configure:4854: result: no
configure:4867: checking --enable-luainterp argument
configure:4876: result: no
configure:5207: checking --enable-mzschemeinterp argument
configure:5216: result: no
configure:5612: checking --enable-perlinterp argument
configure:5621: result: no
configure:5813: checking --enable-pythoninterp argument
configure:5822: result: no
configure:6153: checking --enable-python3interp argument
configure:6162: result: no
configure:6702: checking --enable-tclinterp argument
configure:6711: result: no
configure:7057: checking --enable-rubyinterp argument
configure:7066: result: no
configure:7215: checking --enable-cscope argument
configure:7224: result: no
configure:7231: checking --enable-workshop argument
configure:7240: result: no
configure:7254: checking --disable-netbeans argument
configure:7269: result: no
configure:7277: checking --disable-channel argument
configure:7292: result: no
configure:7307: checking for socket in -lsocket
configure:7341: result: no
configure:7352: checking for gethostbyname in -lnsl
configure:7386: result: yes
configure:7397: checking whether compiling with process communication is possible
configure:7433: gcc -o conftest -g -O2   -L/usr/local/lib conftest.c -lnsl  >&5
configure:7433: $? = 0
configure:7434: result: yes
configure:7460: checking --enable-multibyte argument
configure:7469: result: no
configure:7476: checking --enable-hangulinput argument
configure:7485: result: no
configure:7488: checking --enable-xim argument
configure:7495: result: defaulting to auto
configure:7500: checking --enable-fontset argument
configure:7509: result: no
configure:7521: checking for xmkmf
configure:7554: result: no
configure:7560: checking for X
configure:7749: result: libraries , headers 
configure:7848: gcc -o conftest -g -O2   -L/usr/local/lib conftest.c -lnsl   -lX11 >&5
configure:7848: $? = 0
configure:7946: checking for gethostbyname
configure:7946: result: yes
configure:8043: checking for connect
configure:8043: result: yes
configure:8092: checking for remove
configure:8092: result: yes
configure:8141: checking for shmat
configure:8141: result: yes
configure:8199: checking for IceConnectionNumber in -lICE
configure:8233: result: yes
configure:8274: checking if X11 header files can be found
configure:8290: gcc -c -g -O2    conftest.c >&5
configure:8290: $? = 0
configure:8291: result: yes
configure:8311: checking for _XdmcpAuthDoIt in -lXdmcp
configure:8345: result: yes
configure:8352: checking for IceOpenConnection in -lICE
configure:8386: result: yes
configure:8394: checking for XpmCreatePixmapFromData in -lXpm
configure:8428: result: no
configure:8435: checking if X11 header files implicitly declare return values
configure:8454: gcc -c -g -O2   -Werror  conftest.c >&5
configure:8454: $? = 0
configure:8455: result: no
configure:8486: checking size of wchar_t is 2 bytes
configure:8520: result: no
configure:8532: checking --enable-gui argument
configure:8595: result: yes/auto - automatic GUI support
configure:8630: checking whether or not to look for GTK+ 2
configure:8639: result: yes
configure:8648: checking whether or not to look for GNOME
configure:8657: result: no
configure:8682: checking whether or not to look for Motif
configure:8691: result: yes
configure:8699: checking whether or not to look for Athena
configure:8708: result: yes
configure:8716: checking whether or not to look for neXtaw
configure:8725: result: yes
configure:8733: checking whether or not to look for Carbon
configure:8742: result: yes
configure:8790: checking --disable-gtktest argument
configure:8800: result: gtk test enabled
configure:8810: checking for pkg-config
configure:8841: result: /usr/bin/pkg-config
configure:8860: checking for GTK - version >= 2.2.0
configure:8940: gcc -o conftest -g -O2 -pthread -I/usr/include/gtk-2.0 -I/usr/lib/x86_64-linux-gnu/gtk-2.0/include -I/usr/include/atk-1.0 -I/usr/include/cairo -I/usr/include/gdk-pixbuf-2.0 -I/usr/include/pango-1.0 -I/usr/include/gio-unix-2.0/ -I/usr/include/freetype2 -I/usr/include/glib-2.0 -I/usr/lib/x86_64-linux-gnu/glib-2.0/include -I/usr/include/pixman-1 -I/usr/include/libpng12 -I/usr/include/harfbuzz     -L/usr/local/lib conftest.c -lnsl  -lgtk-x11-2.0 -lgdk-x11-2.0 -latk-1.0 -lgio-2.0 -lpangoft2-1.0 -lpangocairo-1.0 -lgdk_pixbuf-2.0 -lcairo -lpango-1.0 -lfontconfig -lgobject-2.0 -lglib-2.0 -lfreetype   >&5
conftest.c: In function 'main':
conftest.c:32:1: warning: ignoring return value of 'system', declared with attribute warn_unused_result [-Wunused-result]
 system ("touch conf.gtktest");
 ^
configure:8940: $? = 0
configure:8940: ./conftest
configure:8940: $? = 0
configure:8955: result: yes; found version 2.24.23
configure:9299: checking version of Gdk-Pixbuf
configure:9365: result: not usable.
configure:9373: checking --disable-icon-cache-update argument
configure:9383: result: not set
configure:9387: checking for gtk-update-icon-cache
configure:9418: result: /usr/bin/gtk-update-icon-cache
configure:9435: checking --disable-desktop-database-update argument
configure:9445: result: not set
configure:9449: checking for update-desktop-database
configure:9480: result: /usr/bin/update-desktop-database
configure:9912: checking for X11/SM/SMlib.h
configure:9912: result: yes
configure:9932: checking for X11/xpm.h
configure:9932: result: no
configure:9932: checking for X11/Sunkeysym.h
configure:9932: result: yes
configure:9944: checking for XIMText in X11/Xlib.h
configure:9952: result: yes
configure:9965: result: X GUI selected; xim has been enabled
configure:10097: checking for CYGWIN or MSYS environment
configure:10115: result: no
configure:10135: checking whether toupper is broken
configure:10172: result: no
configure:10180: checking whether __DATE__ and __TIME__ work
configure:10193: gcc -c -g -O2  conftest.c >&5
configure:10193: $? = 0
configure:10194: result: yes
configure:10203: checking whether __attribute__((unused)) is allowed
configure:10216: gcc -c -g -O2  conftest.c >&5
configure:10216: $? = 0
configure:10217: result: yes
configure:10226: checking for elf.h
configure:10226: result: yes
configure:10233: checking for main in -lelf
configure:10261: result: no
configure:10277: checking for dirent.h that defines DIR
configure:10304: result: yes
configure:10317: checking for library containing opendir
configure:10365: result: none required
configure:10473: checking for stdint.h
configure:10473: result: yes
configure:10473: checking for stdlib.h
configure:10473: result: yes
configure:10473: checking for string.h
configure:10473: result: yes
configure:10473: checking for sys/select.h
configure:10473: result: yes
configure:10473: checking for sys/utsname.h
configure:10473: result: yes
configure:10473: checking for termcap.h
configure:10473: result: yes
configure:10473: checking for fcntl.h
configure:10473: result: yes
configure:10473: checking for sgtty.h
configure:10473: result: yes
configure:10473: checking for sys/ioctl.h
configure:10473: result: yes
configure:10473: checking for sys/time.h
configure:10473: result: yes
configure:10473: checking for sys/types.h
configure:10473: result: yes
configure:10473: checking for termio.h
configure:10473: result: yes
configure:10473: checking for iconv.h
configure:10473: result: yes
configure:10473: checking for inttypes.h
configure:10473: result: yes
configure:10473: checking for langinfo.h
configure:10473: result: yes
configure:10473: checking for math.h
configure:10473: result: yes
configure:10473: checking for unistd.h
configure:10473: result: yes
configure:10473: checking for stropts.h
configure:10473: result: yes
configure:10473: checking for errno.h
configure:10473: result: yes
configure:10473: checking for sys/resource.h
configure:10473: result: yes
configure:10473: checking for sys/systeminfo.h
configure:10473: result: no
configure:10473: checking for locale.h
configure:10473: result: yes
configure:10473: checking for sys/stream.h
configure:10473: result: no
configure:10473: checking for termios.h
configure:10473: result: yes
configure:10473: checking for libc.h
configure:10473: result: no
configure:10473: checking for sys/statfs.h
configure:10473: result: yes
configure:10473: checking for poll.h
configure:10473: result: yes
configure:10473: checking for sys/poll.h
configure:10473: result: yes
configure:10473: checking for pwd.h
configure:10473: result: yes
configure:10473: checking for utime.h
configure:10473: result: yes
configure:10473: checking for sys/param.h
configure:10473: result: yes
configure:10473: checking for libintl.h
configure:10473: result: yes
configure:10473: checking for libgen.h
configure:10473: result: yes
configure:10473: checking for util/debug.h
configure:10473: result: no
configure:10473: checking for util/msg18n.h
configure:10473: result: no
configure:10473: checking for frame.h
configure:10473: result: no
configure:10473: checking for sys/acl.h
configure:10473: result: no
configure:10473: checking for sys/access.h
configure:10473: result: no
configure:10473: checking for sys/sysinfo.h
configure:10473: result: yes
configure:10473: checking for wchar.h
configure:10473: result: yes
configure:10473: checking for wctype.h
configure:10473: result: yes
configure:10486: checking for sys/ptem.h
configure:10486: result: no
configure:10502: checking for sys/sysctl.h
configure:10502: result: yes
configure:10517: checking for pthread_np.h
configure:10532: gcc -c -g -O2  conftest.c >&5
conftest.c:61:24: fatal error: pthread_np.h: No such file or directory
 #include <pthread_np.h>
                        ^
compilation terminated.
configure:10532: $? = 1
configure: failed program was:
| /* confdefs.h */
| #define PACKAGE_NAME ""
| #define PACKAGE_TARNAME ""
| #define PACKAGE_VERSION ""
| #define PACKAGE_STRING ""
| #define PACKAGE_BUGREPORT ""
| #define PACKAGE_URL ""
| #define UNIX 1
| #define STDC_HEADERS 1
| #define HAVE_SYS_WAIT_H 1
| #define FEAT_HUGE 1
| #define USE_XSMP_INTERACT 1
| #define HAVE_LIBNSL 1
| #define FEAT_NETBEANS_INTG 1
| #define FEAT_JOB_CHANNEL 1
| #define HAVE_X11 1
| #define HAVE_GTK_MULTIHEAD 1
| #define HAVE_X11_SM_SMLIB_H 1
| #define HAVE_X11_SUNKEYSYM_H 1
| #define FEAT_XIM 1
| #define HAVE_DATE_TIME 1
| #define HAVE_ATTRIBUTE_UNUSED 1
| #define HAVE_DIRENT_H 1
| #define HAVE_STDINT_H 1
| #define HAVE_STDLIB_H 1
| #define HAVE_STRING_H 1
| #define HAVE_SYS_SELECT_H 1
| #define HAVE_SYS_UTSNAME_H 1
| #define HAVE_TERMCAP_H 1
| #define HAVE_FCNTL_H 1
| #define HAVE_SGTTY_H 1
| #define HAVE_SYS_IOCTL_H 1
| #define HAVE_SYS_TIME_H 1
| #define HAVE_SYS_TYPES_H 1
| #define HAVE_TERMIO_H 1
| #define HAVE_ICONV_H 1
| #define HAVE_INTTYPES_H 1
| #define HAVE_LANGINFO_H 1
| #define HAVE_MATH_H 1
| #define HAVE_UNISTD_H 1
| #define HAVE_STROPTS_H 1
| #define HAVE_ERRNO_H 1
| #define HAVE_SYS_RESOURCE_H 1
| #define HAVE_LOCALE_H 1
| #define HAVE_TERMIOS_H 1
| #define HAVE_SYS_STATFS_H 1
| #define HAVE_POLL_H 1
| #define HAVE_SYS_POLL_H 1
| #define HAVE_PWD_H 1
| #define HAVE_UTIME_H 1
| #define HAVE_SYS_PARAM_H 1
| #define HAVE_LIBINTL_H 1
| #define HAVE_LIBGEN_H 1
| #define HAVE_SYS_SYSINFO_H 1
| #define HAVE_WCHAR_H 1
| #define HAVE_WCTYPE_H 1
| #define HAVE_SYS_SYSCTL_H 1
| /* end confdefs.h.  */
| 
| #include <pthread.h>
| #include <pthread_np.h>
| int
| main ()
| {
| int i; i = 0;
|   ;
|   return 0;
| }
configure:10538: result: no
configure:10545: checking for strings.h
configure:10545: result: yes
configure:10560: checking if strings.h can be included after string.h
configure:10589: gcc -c -g -O2    conftest.c >&5
configure:10589: $? = 0
configure:10590: result: yes
configure:10603: checking whether gcc needs -traditional
configure:10637: result: no
configure:10644: checking for an ANSI C-conforming const
configure:10717: result: yes
configure:10725: checking for working volatile
configure:10751: result: yes
configure:10759: checking for mode_t
configure:10759: result: yes
configure:10770: checking for off_t
configure:10770: result: yes
configure:10781: checking for pid_t
configure:10781: result: yes
configure:10792: checking for size_t
configure:10792: result: yes
configure:10803: checking for uid_t in sys/types.h
configure:10822: result: yes
configure:10833: checking for uint32_t
configure:10833: result: yes
configure:10848: checking whether time.h and sys/time.h may both be included
configure:10875: result: yes
configure:10883: checking for ino_t
configure:10883: result: yes
configure:10894: checking for dev_t
configure:10894: result: yes
configure:10905: checking whether byte ordering is bigendian
configure:11111: result: no
configure:11129: checking for inline
configure:11153: result: inline
configure:11172: checking for rlim_t
configure:11175: result: (cached) yes
configure:11208: checking for stack_t
configure:11211: result: (cached) yes
configure:11242: checking whether stack_t has an ss_base field
configure:11263: gcc -c -g -O2  conftest.c >&5
conftest.c: In function 'main':
conftest.c:73:23: error: 'stack_t' has no member named 'ss_base'
 stack_t sigstk; sigstk.ss_base = 0;
                       ^
configure:11263: $? = 1
configure: failed program was:
| /* confdefs.h */
| #define PACKAGE_NAME ""
| #define PACKAGE_TARNAME ""
| #define PACKAGE_VERSION ""
| #define PACKAGE_STRING ""
| #define PACKAGE_BUGREPORT ""
| #define PACKAGE_URL ""
| #define UNIX 1
| #define STDC_HEADERS 1
| #define HAVE_SYS_WAIT_H 1
| #define FEAT_HUGE 1
| #define USE_XSMP_INTERACT 1
| #define HAVE_LIBNSL 1
| #define FEAT_NETBEANS_INTG 1
| #define FEAT_JOB_CHANNEL 1
| #define HAVE_X11 1
| #define HAVE_GTK_MULTIHEAD 1
| #define HAVE_X11_SM_SMLIB_H 1
| #define HAVE_X11_SUNKEYSYM_H 1
| #define FEAT_XIM 1
| #define HAVE_DATE_TIME 1
| #define HAVE_ATTRIBUTE_UNUSED 1
| #define HAVE_DIRENT_H 1
| #define HAVE_STDINT_H 1
| #define HAVE_STDLIB_H 1
| #define HAVE_STRING_H 1
| #define HAVE_SYS_SELECT_H 1
| #define HAVE_SYS_UTSNAME_H 1
| #define HAVE_TERMCAP_H 1
| #define HAVE_FCNTL_H 1
| #define HAVE_SGTTY_H 1
| #define HAVE_SYS_IOCTL_H 1
| #define HAVE_SYS_TIME_H 1
| #define HAVE_SYS_TYPES_H 1
| #define HAVE_TERMIO_H 1
| #define HAVE_ICONV_H 1
| #define HAVE_INTTYPES_H 1
| #define HAVE_LANGINFO_H 1
| #define HAVE_MATH_H 1
| #define HAVE_UNISTD_H 1
| #define HAVE_STROPTS_H 1
| #define HAVE_ERRNO_H 1
| #define HAVE_SYS_RESOURCE_H 1
| #define HAVE_LOCALE_H 1
| #define HAVE_TERMIOS_H 1
| #define HAVE_SYS_STATFS_H 1
| #define HAVE_POLL_H 1
| #define HAVE_SYS_POLL_H 1
| #define HAVE_PWD_H 1
| #define HAVE_UTIME_H 1
| #define HAVE_SYS_PARAM_H 1
| #define HAVE_LIBINTL_H 1
| #define HAVE_LIBGEN_H 1
| #define HAVE_SYS_SYSINFO_H 1
| #define HAVE_WCHAR_H 1
| #define HAVE_WCTYPE_H 1
| #define HAVE_SYS_SYSCTL_H 1
| #define HAVE_STRINGS_H 1
| #define TIME_WITH_SYS_TIME 1
| /* end confdefs.h.  */
| 
| #include <sys/types.h>
| #if STDC_HEADERS
| # include <stdlib.h>
| # include <stddef.h>
| #endif
| #include <signal.h>
| #include "confdefs.h"
| 
| int
| main ()
| {
| stack_t sigstk; sigstk.ss_base = 0;
|   ;
|   return 0;
| }
configure:11268: result: no
configure:11274: checking --with-tlib argument
configure:11309: result: empty: automatic terminal library selection
configure:11317: checking for tgetent in -ltinfo
configure:11352: result: yes
configure:11379: gcc -o conftest -g -O2   -L/usr/local/lib conftest.c -ltinfo -lnsl  >&5
configure:11379: $? = 0
configure:11379: ./conftest
configure:11379: $? = 0
configure:11428: checking whether we talk terminfo
configure:11472: result: yes
configure:11481: checking what tgetent() returns for an unknown terminal
configure:11522: result: zero
configure:11531: checking whether termcap.h contains ospeed
configure:11548: gcc -o conftest -g -O2   -L/usr/local/lib conftest.c -ltinfo -lnsl  >&5
configure:11548: $? = 0
configure:11549: result: yes
configure:11588: checking whether termcap.h contains UP, BC and PC
configure:11605: gcc -o conftest -g -O2   -L/usr/local/lib conftest.c -ltinfo -lnsl  >&5
configure:11605: $? = 0
configure:11606: result: yes
configure:11645: checking whether tputs() uses outfuntype
configure:11662: gcc -c -g -O2  conftest.c >&5
conftest.c: In function 'main':
conftest.c:74:36: error: 'outfuntype' undeclared (first use in this function)
 extern int xx(); tputs("test", 1, (outfuntype)xx)
                                    ^
conftest.c:74:36: note: each undeclared identifier is reported only once for each function it appears in
conftest.c:74:47: error: expected ')' before 'xx'
 extern int xx(); tputs("test", 1, (outfuntype)xx)
                                               ^
configure:11662: $? = 1
configure: failed program was:
| /* confdefs.h */
| #define PACKAGE_NAME ""
| #define PACKAGE_TARNAME ""
| #define PACKAGE_VERSION ""
| #define PACKAGE_STRING ""
| #define PACKAGE_BUGREPORT ""
| #define PACKAGE_URL ""
| #define UNIX 1
| #define STDC_HEADERS 1
| #define HAVE_SYS_WAIT_H 1
| #define FEAT_HUGE 1
| #define USE_XSMP_INTERACT 1
| #define HAVE_LIBNSL 1
| #define FEAT_NETBEANS_INTG 1
| #define FEAT_JOB_CHANNEL 1
| #define HAVE_X11 1
| #define HAVE_GTK_MULTIHEAD 1
| #define HAVE_X11_SM_SMLIB_H 1
| #define HAVE_X11_SUNKEYSYM_H 1
| #define FEAT_XIM 1
| #define HAVE_DATE_TIME 1
| #define HAVE_ATTRIBUTE_UNUSED 1
| #define HAVE_DIRENT_H 1
| #define HAVE_STDINT_H 1
| #define HAVE_STDLIB_H 1
| #define HAVE_STRING_H 1
| #define HAVE_SYS_SELECT_H 1
| #define HAVE_SYS_UTSNAME_H 1
| #define HAVE_TERMCAP_H 1
| #define HAVE_FCNTL_H 1
| #define HAVE_SGTTY_H 1
| #define HAVE_SYS_IOCTL_H 1
| #define HAVE_SYS_TIME_H 1
| #define HAVE_SYS_TYPES_H 1
| #define HAVE_TERMIO_H 1
| #define HAVE_ICONV_H 1
| #define HAVE_INTTYPES_H 1
| #define HAVE_LANGINFO_H 1
| #define HAVE_MATH_H 1
| #define HAVE_UNISTD_H 1
| #define HAVE_STROPTS_H 1
| #define HAVE_ERRNO_H 1
| #define HAVE_SYS_RESOURCE_H 1
| #define HAVE_LOCALE_H 1
| #define HAVE_TERMIOS_H 1
| #define HAVE_SYS_STATFS_H 1
| #define HAVE_POLL_H 1
| #define HAVE_SYS_POLL_H 1
| #define HAVE_PWD_H 1
| #define HAVE_UTIME_H 1
| #define HAVE_SYS_PARAM_H 1
| #define HAVE_LIBINTL_H 1
| #define HAVE_LIBGEN_H 1
| #define HAVE_SYS_SYSINFO_H 1
| #define HAVE_WCHAR_H 1
| #define HAVE_WCTYPE_H 1
| #define HAVE_SYS_SYSCTL_H 1
| #define HAVE_STRINGS_H 1
| #define TIME_WITH_SYS_TIME 1
| #define HAVE_LIBTINFO 1
| #define TERMINFO 1
| #define TGETENT_ZERO_ERR 0
| #define HAVE_OSPEED 1
| #define HAVE_UP_BC_PC 1
| /* end confdefs.h.  */
| 
| #ifdef HAVE_TERMCAP_H
| # include <termcap.h>
| #endif
| 
| int
| main ()
| {
| extern int xx(); tputs("test", 1, (outfuntype)xx)
|   ;
|   return 0;
| }
configure:11667: result: no
configure:11672: checking whether sys/select.h and sys/time.h may both be included
configure:11688: gcc -c -g -O2  conftest.c >&5
configure:11688: $? = 0
configure:11689: result: yes
configure:11700: checking for /dev/ptc
configure:11708: result: no
configure:11712: checking for SVR4 ptys
configure:11726: gcc -o conftest -g -O2   -L/usr/local/lib conftest.c -ltinfo -lnsl  >&5
configure:11726: $? = 0
configure:11727: result: yes
configure:11741: checking for ptyranges
configure:11777: result: don't know
configure:11782: checking default tty permissions/group
configure:11861: result: world
configure:11879: checking return type of signal handlers
configure:11904: result: void
configure:11921: checking for struct sigcontext
configure:11941: gcc -c -g -O2  conftest.c >&5
configure:11941: $? = 0
configure:11942: result: yes
configure:11952: checking getcwd implementation is broken
configure:11995: result: no
configure:12012: checking for fchdir
configure:12012: result: yes
configure:12012: checking for fchown
configure:12012: result: yes
configure:12012: checking for fsync
configure:12012: result: yes
configure:12012: checking for getcwd
configure:12012: result: yes
configure:12012: checking for getpseudotty
configure:12012: result: no
configure:12012: checking for getpwent
configure:12012: result: yes
configure:12012: checking for getpwnam
configure:12012: result: yes
configure:12012: checking for getpwuid
configure:12012: result: yes
configure:12012: checking for getrlimit
configure:12012: result: yes
configure:12012: checking for gettimeofday
configure:12012: result: yes
configure:12012: checking for getwd
configure:12012: result: yes
configure:12012: checking for lstat
configure:12012: result: yes
configure:12012: checking for memset
configure:12012: result: yes
configure:12012: checking for mkdtemp
configure:12012: result: yes
configure:12012: checking for nanosleep
configure:12012: result: yes
configure:12012: checking for opendir
configure:12012: result: yes
configure:12012: checking for putenv
configure:12012: result: yes
configure:12012: checking for qsort
configure:12012: result: yes
configure:12012: checking for readlink
configure:12012: result: yes
configure:12012: checking for select
configure:12012: result: yes
configure:12012: checking for setenv
configure:12012: result: yes
configure:12012: checking for setpgid
configure:12012: result: yes
configure:12012: checking for setsid
configure:12012: result: yes
configure:12012: checking for sigaltstack
configure:12012: result: yes
configure:12012: checking for sigstack
configure:12012: result: yes
configure:12012: checking for sigset
configure:12012: result: yes
configure:12012: checking for sigsetjmp
configure:12012: result: no
configure:12012: checking for sigaction
configure:12012: result: yes
configure:12012: checking for sigprocmask
configure:12012: result: yes
configure:12012: checking for sigvec
configure:12012: result: yes
configure:12012: checking for strcasecmp
configure:12012: result: yes
configure:12012: checking for strerror
configure:12012: result: yes
configure:12012: checking for strftime
configure:12012: result: yes
configure:12012: checking for stricmp
configure:12012: result: no
configure:12012: checking for strncasecmp
configure:12012: result: yes
configure:12012: checking for strnicmp
configure:12012: result: no
configure:12012: checking for strpbrk
configure:12012: result: yes
configure:12012: checking for strtol
configure:12012: result: yes
configure:12012: checking for tgetent
configure:12012: result: yes
configure:12012: checking for towlower
configure:12012: result: yes
configure:12012: checking for towupper
configure:12012: result: yes
configure:12012: checking for iswupper
configure:12012: result: yes
configure:12012: checking for usleep
configure:12012: result: yes
configure:12012: checking for utime
configure:12012: result: yes
configure:12012: checking for utimes
configure:12012: result: yes
configure:12021: checking for _LARGEFILE_SOURCE value needed for large files
configure:12068: result: no
configure:12097: checking for special C compiler options needed for large files
configure:12142: result: no
configure:12148: checking for _FILE_OFFSET_BITS value needed for large files
configure:12205: result: no
configure:12291: checking for st_blksize
configure:12309: gcc -c -g -O2  conftest.c >&5
configure:12309: $? = 0
configure:12310: result: yes
configure:12319: checking whether stat() ignores a trailing slash
configure:12358: result: no
configure:12366: checking for iconv_open()
configure:12385: gcc -o conftest -g -O2   -L/usr/local/lib conftest.c -ltinfo -lnsl  -liconv >&5
/usr/bin/ld: cannot find -liconv
collect2: error: ld returned 1 exit status
configure:12385: $? = 1
configure: failed program was:
| /* confdefs.h */
| #define PACKAGE_NAME ""
| #define PACKAGE_TARNAME ""
| #define PACKAGE_VERSION ""
| #define PACKAGE_STRING ""
| #define PACKAGE_BUGREPORT ""
| #define PACKAGE_URL ""
| #define UNIX 1
| #define STDC_HEADERS 1
| #define HAVE_SYS_WAIT_H 1
| #define FEAT_HUGE 1
| #define USE_XSMP_INTERACT 1
| #define HAVE_LIBNSL 1
| #define FEAT_NETBEANS_INTG 1
| #define FEAT_JOB_CHANNEL 1
| #define HAVE_X11 1
| #define HAVE_GTK_MULTIHEAD 1
| #define HAVE_X11_SM_SMLIB_H 1
| #define HAVE_X11_SUNKEYSYM_H 1
| #define FEAT_XIM 1
| #define HAVE_DATE_TIME 1
| #define HAVE_ATTRIBUTE_UNUSED 1
| #define HAVE_DIRENT_H 1
| #define HAVE_STDINT_H 1
| #define HAVE_STDLIB_H 1
| #define HAVE_STRING_H 1
| #define HAVE_SYS_SELECT_H 1
| #define HAVE_SYS_UTSNAME_H 1
| #define HAVE_TERMCAP_H 1
| #define HAVE_FCNTL_H 1
| #define HAVE_SGTTY_H 1
| #define HAVE_SYS_IOCTL_H 1
| #define HAVE_SYS_TIME_H 1
| #define HAVE_SYS_TYPES_H 1
| #define HAVE_TERMIO_H 1
| #define HAVE_ICONV_H 1
| #define HAVE_INTTYPES_H 1
| #define HAVE_LANGINFO_H 1
| #define HAVE_MATH_H 1
| #define HAVE_UNISTD_H 1
| #define HAVE_STROPTS_H 1
| #define HAVE_ERRNO_H 1
| #define HAVE_SYS_RESOURCE_H 1
| #define HAVE_LOCALE_H 1
| #define HAVE_TERMIOS_H 1
| #define HAVE_SYS_STATFS_H 1
| #define HAVE_POLL_H 1
| #define HAVE_SYS_POLL_H 1
| #define HAVE_PWD_H 1
| #define HAVE_UTIME_H 1
| #define HAVE_SYS_PARAM_H 1
| #define HAVE_LIBINTL_H 1
| #define HAVE_LIBGEN_H 1
| #define HAVE_SYS_SYSINFO_H 1
| #define HAVE_WCHAR_H 1
| #define HAVE_WCTYPE_H 1
| #define HAVE_SYS_SYSCTL_H 1
| #define HAVE_STRINGS_H 1
| #define TIME_WITH_SYS_TIME 1
| #define HAVE_LIBTINFO 1
| #define TERMINFO 1
| #define TGETENT_ZERO_ERR 0
| #define HAVE_OSPEED 1
| #define HAVE_UP_BC_PC 1
| #define SYS_SELECT_WITH_SYS_TIME 1
| #define HAVE_SVR4_PTYS 1
| #define RETSIGTYPE void
| #define SIGRETURN return
| #define HAVE_SIGCONTEXT 1
| #define HAVE_FCHDIR 1
| #define HAVE_FCHOWN 1
| #define HAVE_FSYNC 1
| #define HAVE_GETCWD 1
| #define HAVE_GETPWENT 1
| #define HAVE_GETPWNAM 1
| #define HAVE_GETPWUID 1
| #define HAVE_GETRLIMIT 1
| #define HAVE_GETTIMEOFDAY 1
| #define HAVE_GETWD 1
| #define HAVE_LSTAT 1
| #define HAVE_MEMSET 1
| #define HAVE_MKDTEMP 1
| #define HAVE_NANOSLEEP 1
| #define HAVE_OPENDIR 1
| #define HAVE_PUTENV 1
| #define HAVE_QSORT 1
| #define HAVE_READLINK 1
| #define HAVE_SELECT 1
| #define HAVE_SETENV 1
| #define HAVE_SETPGID 1
| #define HAVE_SETSID 1
| #define HAVE_SIGALTSTACK 1
| #define HAVE_SIGSTACK 1
| #define HAVE_SIGSET 1
| #define HAVE_SIGACTION 1
| #define HAVE_SIGPROCMASK 1
| #define HAVE_SIGVEC 1
| #define HAVE_STRCASECMP 1
| #define HAVE_STRERROR 1
| #define HAVE_STRFTIME 1
| #define HAVE_STRNCASECMP 1
| #define HAVE_STRPBRK 1
| #define HAVE_STRTOL 1
| #define HAVE_TGETENT 1
| #define HAVE_TOWLOWER 1
| #define HAVE_TOWUPPER 1
| #define HAVE_ISWUPPER 1
| #define HAVE_USLEEP 1
| #define HAVE_UTIME 1
| #define HAVE_UTIMES 1
| #define HAVE_FSEEKO 1
| #define HAVE_ST_BLKSIZE 1
| /* end confdefs.h.  */
| 
| #ifdef HAVE_ICONV_H
| # include <iconv.h>
| #endif
| 
| int
| main ()
| {
| iconv_open("fr", "to");
|   ;
|   return 0;
| }
configure:12406: gcc -o conftest -g -O2   -L/usr/local/lib conftest.c -ltinfo -lnsl  >&5
configure:12406: $? = 0
configure:12407: result: yes
configure:12421: checking for nl_langinfo(CODESET)
configure:12438: gcc -o conftest -g -O2   -L/usr/local/lib conftest.c -ltinfo -lnsl  >&5
configure:12438: $? = 0
configure:12439: result: yes
configure:12449: checking for strtod in -lm
configure:12483: result: yes
configure:12494: checking for strtod() and other floating point functions
configure:12526: gcc -o conftest -g -O2   -L/usr/local/lib conftest.c -lm -ltinfo -lnsl  >&5
configure:12526: $? = 0
configure:12527: result: yes
configure:12537: checking for isinf()
configure:12558: gcc -o conftest -g -O2   -L/usr/local/lib conftest.c -lm -ltinfo -lnsl  >&5
configure:12558: $? = 0
configure:12559: result: yes
configure:12569: checking for isnan()
configure:12590: gcc -o conftest -g -O2   -L/usr/local/lib conftest.c -lm -ltinfo -lnsl  >&5
configure:12590: $? = 0
configure:12591: result: yes
configure:12601: checking --disable-acl argument
configure:12611: result: no
configure:12613: checking for acl_get_file in -lposix1e
configure:12647: result: no
configure:12652: checking for acl_get_file in -lacl
configure:12686: result: no
configure:12735: checking for POSIX ACL support
configure:12755: gcc -o conftest -g -O2   -L/usr/local/lib conftest.c -lm -ltinfo -lnsl  >&5
conftest.c:125:1: error: unknown type name 'acl_t'
 acl_t acl;
 ^
conftest.c: In function 'main':
conftest.c:129:27: error: 'ACL_TYPE_ACCESS' undeclared (first use in this function)
 acl = acl_get_file("foo", ACL_TYPE_ACCESS);
                           ^
conftest.c:129:27: note: each undeclared identifier is reported only once for each function it appears in
configure:12755: $? = 1
configure: failed program was:
| /* confdefs.h */
| #define PACKAGE_NAME ""
| #define PACKAGE_TARNAME ""
| #define PACKAGE_VERSION ""
| #define PACKAGE_STRING ""
| #define PACKAGE_BUGREPORT ""
| #define PACKAGE_URL ""
| #define UNIX 1
| #define STDC_HEADERS 1
| #define HAVE_SYS_WAIT_H 1
| #define FEAT_HUGE 1
| #define USE_XSMP_INTERACT 1
| #define HAVE_LIBNSL 1
| #define FEAT_NETBEANS_INTG 1
| #define FEAT_JOB_CHANNEL 1
| #define HAVE_X11 1
| #define HAVE_GTK_MULTIHEAD 1
| #define HAVE_X11_SM_SMLIB_H 1
| #define HAVE_X11_SUNKEYSYM_H 1
| #define FEAT_XIM 1
| #define HAVE_DATE_TIME 1
| #define HAVE_ATTRIBUTE_UNUSED 1
| #define HAVE_DIRENT_H 1
| #define HAVE_STDINT_H 1
| #define HAVE_STDLIB_H 1
| #define HAVE_STRING_H 1
| #define HAVE_SYS_SELECT_H 1
| #define HAVE_SYS_UTSNAME_H 1
| #define HAVE_TERMCAP_H 1
| #define HAVE_FCNTL_H 1
| #define HAVE_SGTTY_H 1
| #define HAVE_SYS_IOCTL_H 1
| #define HAVE_SYS_TIME_H 1
| #define HAVE_SYS_TYPES_H 1
| #define HAVE_TERMIO_H 1
| #define HAVE_ICONV_H 1
| #define HAVE_INTTYPES_H 1
| #define HAVE_LANGINFO_H 1
| #define HAVE_MATH_H 1
| #define HAVE_UNISTD_H 1
| #define HAVE_STROPTS_H 1
| #define HAVE_ERRNO_H 1
| #define HAVE_SYS_RESOURCE_H 1
| #define HAVE_LOCALE_H 1
| #define HAVE_TERMIOS_H 1
| #define HAVE_SYS_STATFS_H 1
| #define HAVE_POLL_H 1
| #define HAVE_SYS_POLL_H 1
| #define HAVE_PWD_H 1
| #define HAVE_UTIME_H 1
| #define HAVE_SYS_PARAM_H 1
| #define HAVE_LIBINTL_H 1
| #define HAVE_LIBGEN_H 1
| #define HAVE_SYS_SYSINFO_H 1
| #define HAVE_WCHAR_H 1
| #define HAVE_WCTYPE_H 1
| #define HAVE_SYS_SYSCTL_H 1
| #define HAVE_STRINGS_H 1
| #define TIME_WITH_SYS_TIME 1
| #define HAVE_LIBTINFO 1
| #define TERMINFO 1
| #define TGETENT_ZERO_ERR 0
| #define HAVE_OSPEED 1
| #define HAVE_UP_BC_PC 1
| #define SYS_SELECT_WITH_SYS_TIME 1
| #define HAVE_SVR4_PTYS 1
| #define RETSIGTYPE void
| #define SIGRETURN return
| #define HAVE_SIGCONTEXT 1
| #define HAVE_FCHDIR 1
| #define HAVE_FCHOWN 1
| #define HAVE_FSYNC 1
| #define HAVE_GETCWD 1
| #define HAVE_GETPWENT 1
| #define HAVE_GETPWNAM 1
| #define HAVE_GETPWUID 1
| #define HAVE_GETRLIMIT 1
| #define HAVE_GETTIMEOFDAY 1
| #define HAVE_GETWD 1
| #define HAVE_LSTAT 1
| #define HAVE_MEMSET 1
| #define HAVE_MKDTEMP 1
| #define HAVE_NANOSLEEP 1
| #define HAVE_OPENDIR 1
| #define HAVE_PUTENV 1
| #define HAVE_QSORT 1
| #define HAVE_READLINK 1
| #define HAVE_SELECT 1
| #define HAVE_SETENV 1
| #define HAVE_SETPGID 1
| #define HAVE_SETSID 1
| #define HAVE_SIGALTSTACK 1
| #define HAVE_SIGSTACK 1
| #define HAVE_SIGSET 1
| #define HAVE_SIGACTION 1
| #define HAVE_SIGPROCMASK 1
| #define HAVE_SIGVEC 1
| #define HAVE_STRCASECMP 1
| #define HAVE_STRERROR 1
| #define HAVE_STRFTIME 1
| #define HAVE_STRNCASECMP 1
| #define HAVE_STRPBRK 1
| #define HAVE_STRTOL 1
| #define HAVE_TGETENT 1
| #define HAVE_TOWLOWER 1
| #define HAVE_TOWUPPER 1
| #define HAVE_ISWUPPER 1
| #define HAVE_USLEEP 1
| #define HAVE_UTIME 1
| #define HAVE_UTIMES 1
| #define HAVE_FSEEKO 1
| #define HAVE_ST_BLKSIZE 1
| #define HAVE_ICONV 1
| #define HAVE_NL_LANGINFO_CODESET 1
| #define HAVE_LIBM 1
| #define HAVE_FLOAT_FUNCS 1
| #define HAVE_ISINF 1
| #define HAVE_ISNAN 1
| /* end confdefs.h.  */
| 
| #include <sys/types.h>
| #ifdef HAVE_SYS_ACL_H
| # include <sys/acl.h>
| #endif
| acl_t acl;
| int
| main ()
| {
| acl = acl_get_file("foo", ACL_TYPE_ACCESS);
| 	acl_set_file("foo", ACL_TYPE_ACCESS, acl);
| 	acl_free(acl);
|   ;
|   return 0;
| }
configure:12760: result: no
configure:12766: checking for acl_get in -lsec
configure:12800: result: no
configure:12806: checking for Solaris ACL support
configure:12823: gcc -o conftest -g -O2   -L/usr/local/lib conftest.c -lm -ltinfo -lnsl  >&5
conftest.c: In function 'main':
conftest.c:127:12: error: 'GETACLCNT' undeclared (first use in this function)
 acl("foo", GETACLCNT, 0, NULL);
            ^
conftest.c:127:12: note: each undeclared identifier is reported only once for each function it appears in
conftest.c:127:26: error: 'NULL' undeclared (first use in this function)
 acl("foo", GETACLCNT, 0, NULL);
                          ^
configure:12823: $? = 1
configure: failed program was:
| /* confdefs.h */
| #define PACKAGE_NAME ""
| #define PACKAGE_TARNAME ""
| #define PACKAGE_VERSION ""
| #define PACKAGE_STRING ""
| #define PACKAGE_BUGREPORT ""
| #define PACKAGE_URL ""
| #define UNIX 1
| #define STDC_HEADERS 1
| #define HAVE_SYS_WAIT_H 1
| #define FEAT_HUGE 1
| #define USE_XSMP_INTERACT 1
| #define HAVE_LIBNSL 1
| #define FEAT_NETBEANS_INTG 1
| #define FEAT_JOB_CHANNEL 1
| #define HAVE_X11 1
| #define HAVE_GTK_MULTIHEAD 1
| #define HAVE_X11_SM_SMLIB_H 1
| #define HAVE_X11_SUNKEYSYM_H 1
| #define FEAT_XIM 1
| #define HAVE_DATE_TIME 1
| #define HAVE_ATTRIBUTE_UNUSED 1
| #define HAVE_DIRENT_H 1
| #define HAVE_STDINT_H 1
| #define HAVE_STDLIB_H 1
| #define HAVE_STRING_H 1
| #define HAVE_SYS_SELECT_H 1
| #define HAVE_SYS_UTSNAME_H 1
| #define HAVE_TERMCAP_H 1
| #define HAVE_FCNTL_H 1
| #define HAVE_SGTTY_H 1
| #define HAVE_SYS_IOCTL_H 1
| #define HAVE_SYS_TIME_H 1
| #define HAVE_SYS_TYPES_H 1
| #define HAVE_TERMIO_H 1
| #define HAVE_ICONV_H 1
| #define HAVE_INTTYPES_H 1
| #define HAVE_LANGINFO_H 1
| #define HAVE_MATH_H 1
| #define HAVE_UNISTD_H 1
| #define HAVE_STROPTS_H 1
| #define HAVE_ERRNO_H 1
| #define HAVE_SYS_RESOURCE_H 1
| #define HAVE_LOCALE_H 1
| #define HAVE_TERMIOS_H 1
| #define HAVE_SYS_STATFS_H 1
| #define HAVE_POLL_H 1
| #define HAVE_SYS_POLL_H 1
| #define HAVE_PWD_H 1
| #define HAVE_UTIME_H 1
| #define HAVE_SYS_PARAM_H 1
| #define HAVE_LIBINTL_H 1
| #define HAVE_LIBGEN_H 1
| #define HAVE_SYS_SYSINFO_H 1
| #define HAVE_WCHAR_H 1
| #define HAVE_WCTYPE_H 1
| #define HAVE_SYS_SYSCTL_H 1
| #define HAVE_STRINGS_H 1
| #define TIME_WITH_SYS_TIME 1
| #define HAVE_LIBTINFO 1
| #define TERMINFO 1
| #define TGETENT_ZERO_ERR 0
| #define HAVE_OSPEED 1
| #define HAVE_UP_BC_PC 1
| #define SYS_SELECT_WITH_SYS_TIME 1
| #define HAVE_SVR4_PTYS 1
| #define RETSIGTYPE void
| #define SIGRETURN return
| #define HAVE_SIGCONTEXT 1
| #define HAVE_FCHDIR 1
| #define HAVE_FCHOWN 1
| #define HAVE_FSYNC 1
| #define HAVE_GETCWD 1
| #define HAVE_GETPWENT 1
| #define HAVE_GETPWNAM 1
| #define HAVE_GETPWUID 1
| #define HAVE_GETRLIMIT 1
| #define HAVE_GETTIMEOFDAY 1
| #define HAVE_GETWD 1
| #define HAVE_LSTAT 1
| #define HAVE_MEMSET 1
| #define HAVE_MKDTEMP 1
| #define HAVE_NANOSLEEP 1
| #define HAVE_OPENDIR 1
| #define HAVE_PUTENV 1
| #define HAVE_QSORT 1
| #define HAVE_READLINK 1
| #define HAVE_SELECT 1
| #define HAVE_SETENV 1
| #define HAVE_SETPGID 1
| #define HAVE_SETSID 1
| #define HAVE_SIGALTSTACK 1
| #define HAVE_SIGSTACK 1
| #define HAVE_SIGSET 1
| #define HAVE_SIGACTION 1
| #define HAVE_SIGPROCMASK 1
| #define HAVE_SIGVEC 1
| #define HAVE_STRCASECMP 1
| #define HAVE_STRERROR 1
| #define HAVE_STRFTIME 1
| #define HAVE_STRNCASECMP 1
| #define HAVE_STRPBRK 1
| #define HAVE_STRTOL 1
| #define HAVE_TGETENT 1
| #define HAVE_TOWLOWER 1
| #define HAVE_TOWUPPER 1
| #define HAVE_ISWUPPER 1
| #define HAVE_USLEEP 1
| #define HAVE_UTIME 1
| #define HAVE_UTIMES 1
| #define HAVE_FSEEKO 1
| #define HAVE_ST_BLKSIZE 1
| #define HAVE_ICONV 1
| #define HAVE_NL_LANGINFO_CODESET 1
| #define HAVE_LIBM 1
| #define HAVE_FLOAT_FUNCS 1
| #define HAVE_ISINF 1
| #define HAVE_ISNAN 1
| /* end confdefs.h.  */
| 
| #ifdef HAVE_SYS_ACL_H
| # include <sys/acl.h>
| #endif
| int
| main ()
| {
| acl("foo", GETACLCNT, 0, NULL);
| 
|   ;
|   return 0;
| }
configure:12828: result: no
configure:12836: checking for AIX ACL support
configure:12868: gcc -o conftest -g -O2   -L/usr/local/lib conftest.c -lm -ltinfo -lnsl  >&5
conftest.c: In function 'main':
conftest.c:140:18: error: invalid application of 'sizeof' to incomplete type 'struct acl'
 aclsize = sizeof(struct acl);
                  ^
conftest.c:142:17: error: 'STX_NORMAL' undeclared (first use in this function)
  statacl("foo", STX_NORMAL, aclent, aclsize);
                 ^
conftest.c:142:17: note: each undeclared identifier is reported only once for each function it appears in
configure:12868: $? = 1
configure: failed program was:
| /* confdefs.h */
| #define PACKAGE_NAME ""
| #define PACKAGE_TARNAME ""
| #define PACKAGE_VERSION ""
| #define PACKAGE_STRING ""
| #define PACKAGE_BUGREPORT ""
| #define PACKAGE_URL ""
| #define UNIX 1
| #define STDC_HEADERS 1
| #define HAVE_SYS_WAIT_H 1
| #define FEAT_HUGE 1
| #define USE_XSMP_INTERACT 1
| #define HAVE_LIBNSL 1
| #define FEAT_NETBEANS_INTG 1
| #define FEAT_JOB_CHANNEL 1
| #define HAVE_X11 1
| #define HAVE_GTK_MULTIHEAD 1
| #define HAVE_X11_SM_SMLIB_H 1
| #define HAVE_X11_SUNKEYSYM_H 1
| #define FEAT_XIM 1
| #define HAVE_DATE_TIME 1
| #define HAVE_ATTRIBUTE_UNUSED 1
| #define HAVE_DIRENT_H 1
| #define HAVE_STDINT_H 1
| #define HAVE_STDLIB_H 1
| #define HAVE_STRING_H 1
| #define HAVE_SYS_SELECT_H 1
| #define HAVE_SYS_UTSNAME_H 1
| #define HAVE_TERMCAP_H 1
| #define HAVE_FCNTL_H 1
| #define HAVE_SGTTY_H 1
| #define HAVE_SYS_IOCTL_H 1
| #define HAVE_SYS_TIME_H 1
| #define HAVE_SYS_TYPES_H 1
| #define HAVE_TERMIO_H 1
| #define HAVE_ICONV_H 1
| #define HAVE_INTTYPES_H 1
| #define HAVE_LANGINFO_H 1
| #define HAVE_MATH_H 1
| #define HAVE_UNISTD_H 1
| #define HAVE_STROPTS_H 1
| #define HAVE_ERRNO_H 1
| #define HAVE_SYS_RESOURCE_H 1
| #define HAVE_LOCALE_H 1
| #define HAVE_TERMIOS_H 1
| #define HAVE_SYS_STATFS_H 1
| #define HAVE_POLL_H 1
| #define HAVE_SYS_POLL_H 1
| #define HAVE_PWD_H 1
| #define HAVE_UTIME_H 1
| #define HAVE_SYS_PARAM_H 1
| #define HAVE_LIBINTL_H 1
| #define HAVE_LIBGEN_H 1
| #define HAVE_SYS_SYSINFO_H 1
| #define HAVE_WCHAR_H 1
| #define HAVE_WCTYPE_H 1
| #define HAVE_SYS_SYSCTL_H 1
| #define HAVE_STRINGS_H 1
| #define TIME_WITH_SYS_TIME 1
| #define HAVE_LIBTINFO 1
| #define TERMINFO 1
| #define TGETENT_ZERO_ERR 0
| #define HAVE_OSPEED 1
| #define HAVE_UP_BC_PC 1
| #define SYS_SELECT_WITH_SYS_TIME 1
| #define HAVE_SVR4_PTYS 1
| #define RETSIGTYPE void
| #define SIGRETURN return
| #define HAVE_SIGCONTEXT 1
| #define HAVE_FCHDIR 1
| #define HAVE_FCHOWN 1
| #define HAVE_FSYNC 1
| #define HAVE_GETCWD 1
| #define HAVE_GETPWENT 1
| #define HAVE_GETPWNAM 1
| #define HAVE_GETPWUID 1
| #define HAVE_GETRLIMIT 1
| #define HAVE_GETTIMEOFDAY 1
| #define HAVE_GETWD 1
| #define HAVE_LSTAT 1
| #define HAVE_MEMSET 1
| #define HAVE_MKDTEMP 1
| #define HAVE_NANOSLEEP 1
| #define HAVE_OPENDIR 1
| #define HAVE_PUTENV 1
| #define HAVE_QSORT 1
| #define HAVE_READLINK 1
| #define HAVE_SELECT 1
| #define HAVE_SETENV 1
| #define HAVE_SETPGID 1
| #define HAVE_SETSID 1
| #define HAVE_SIGALTSTACK 1
| #define HAVE_SIGSTACK 1
| #define HAVE_SIGSET 1
| #define HAVE_SIGACTION 1
| #define HAVE_SIGPROCMASK 1
| #define HAVE_SIGVEC 1
| #define HAVE_STRCASECMP 1
| #define HAVE_STRERROR 1
| #define HAVE_STRFTIME 1
| #define HAVE_STRNCASECMP 1
| #define HAVE_STRPBRK 1
| #define HAVE_STRTOL 1
| #define HAVE_TGETENT 1
| #define HAVE_TOWLOWER 1
| #define HAVE_TOWUPPER 1
| #define HAVE_ISWUPPER 1
| #define HAVE_USLEEP 1
| #define HAVE_UTIME 1
| #define HAVE_UTIMES 1
| #define HAVE_FSEEKO 1
| #define HAVE_ST_BLKSIZE 1
| #define HAVE_ICONV 1
| #define HAVE_NL_LANGINFO_CODESET 1
| #define HAVE_LIBM 1
| #define HAVE_FLOAT_FUNCS 1
| #define HAVE_ISINF 1
| #define HAVE_ISNAN 1
| /* end confdefs.h.  */
| 
| #if STDC_HEADERS
| # include <stdlib.h>
| # include <stddef.h>
| #endif
| #ifdef HAVE_SYS_ACL_H
| # include <sys/acl.h>
| #endif
| #ifdef HAVE_SYS_ACCESS_H
| # include <sys/access.h>
| #endif
| #define _ALL_SOURCE
| 
| #include <sys/stat.h>
| 
| int aclsize;
| struct acl *aclent;
| int
| main ()
| {
| aclsize = sizeof(struct acl);
| 	aclent = (void *)malloc(aclsize);
| 	statacl("foo", STX_NORMAL, aclent, aclsize);
| 
|   ;
|   return 0;
| }
configure:12873: result: no
configure:12884: checking for pango_shape_full
configure:12901: gcc -o conftest -g -O2 -pthread -I/usr/include/gtk-2.0 -I/usr/lib/x86_64-linux-gnu/gtk-2.0/include -I/usr/include/atk-1.0 -I/usr/include/cairo -I/usr/include/gdk-pixbuf-2.0 -I/usr/include/pango-1.0 -I/usr/include/gio-unix-2.0/ -I/usr/include/freetype2 -I/usr/include/glib-2.0 -I/usr/lib/x86_64-linux-gnu/glib-2.0/include -I/usr/include/pixman-1 -I/usr/include/libpng12 -I/usr/include/harfbuzz     -L/usr/local/lib conftest.c -lm -ltinfo -lnsl  -lgtk-x11-2.0 -lgdk-x11-2.0 -latk-1.0 -lgio-2.0 -lpangoft2-1.0 -lpangocairo-1.0 -lgdk_pixbuf-2.0 -lcairo -lpango-1.0 -lfontconfig -lgobject-2.0 -lglib-2.0 -lfreetype   >&5
configure:12901: $? = 0
configure:12902: result: yes
configure:12915: checking --disable-gpm argument
configure:12926: result: no
configure:12928: checking for gpm
configure:12956: result: no
configure:12968: checking --disable-sysmouse argument
configure:12979: result: no
configure:12981: checking for sysmouse
configure:13012: result: no
configure:13023: checking for FD_CLOEXEC
configure:13038: gcc -c -g -O2  conftest.c >&5
configure:13038: $? = 0
configure:13039: result: yes
configure:13048: checking for rename
configure:13061: gcc -o conftest -g -O2   -L/usr/local/lib conftest.c -lm -ltinfo -lnsl  >&5
configure:13061: $? = 0
configure:13062: result: yes
configure:13072: checking for sysctl
configure:13093: gcc -c -g -O2  conftest.c >&5
conftest.c: In function 'main':
conftest.c:131:11: error: 'CTL_HW' undeclared (first use in this function)
  mib[0] = CTL_HW;
           ^
conftest.c:131:11: note: each undeclared identifier is reported only once for each function it appears in
conftest.c:132:11: error: 'HW_USERMEM' undeclared (first use in this function)
  mib[1] = HW_USERMEM;
           ^
configure:13093: $? = 1
configure: failed program was:
| /* confdefs.h */
| #define PACKAGE_NAME ""
| #define PACKAGE_TARNAME ""
| #define PACKAGE_VERSION ""
| #define PACKAGE_STRING ""
| #define PACKAGE_BUGREPORT ""
| #define PACKAGE_URL ""
| #define UNIX 1
| #define STDC_HEADERS 1
| #define HAVE_SYS_WAIT_H 1
| #define FEAT_HUGE 1
| #define USE_XSMP_INTERACT 1
| #define HAVE_LIBNSL 1
| #define FEAT_NETBEANS_INTG 1
| #define FEAT_JOB_CHANNEL 1
| #define HAVE_X11 1
| #define HAVE_GTK_MULTIHEAD 1
| #define HAVE_X11_SM_SMLIB_H 1
| #define HAVE_X11_SUNKEYSYM_H 1
| #define FEAT_XIM 1
| #define HAVE_DATE_TIME 1
| #define HAVE_ATTRIBUTE_UNUSED 1
| #define HAVE_DIRENT_H 1
| #define HAVE_STDINT_H 1
| #define HAVE_STDLIB_H 1
| #define HAVE_STRING_H 1
| #define HAVE_SYS_SELECT_H 1
| #define HAVE_SYS_UTSNAME_H 1
| #define HAVE_TERMCAP_H 1
| #define HAVE_FCNTL_H 1
| #define HAVE_SGTTY_H 1
| #define HAVE_SYS_IOCTL_H 1
| #define HAVE_SYS_TIME_H 1
| #define HAVE_SYS_TYPES_H 1
| #define HAVE_TERMIO_H 1
| #define HAVE_ICONV_H 1
| #define HAVE_INTTYPES_H 1
| #define HAVE_LANGINFO_H 1
| #define HAVE_MATH_H 1
| #define HAVE_UNISTD_H 1
| #define HAVE_STROPTS_H 1
| #define HAVE_ERRNO_H 1
| #define HAVE_SYS_RESOURCE_H 1
| #define HAVE_LOCALE_H 1
| #define HAVE_TERMIOS_H 1
| #define HAVE_SYS_STATFS_H 1
| #define HAVE_POLL_H 1
| #define HAVE_SYS_POLL_H 1
| #define HAVE_PWD_H 1
| #define HAVE_UTIME_H 1
| #define HAVE_SYS_PARAM_H 1
| #define HAVE_LIBINTL_H 1
| #define HAVE_LIBGEN_H 1
| #define HAVE_SYS_SYSINFO_H 1
| #define HAVE_WCHAR_H 1
| #define HAVE_WCTYPE_H 1
| #define HAVE_SYS_SYSCTL_H 1
| #define HAVE_STRINGS_H 1
| #define TIME_WITH_SYS_TIME 1
| #define HAVE_LIBTINFO 1
| #define TERMINFO 1
| #define TGETENT_ZERO_ERR 0
| #define HAVE_OSPEED 1
| #define HAVE_UP_BC_PC 1
| #define SYS_SELECT_WITH_SYS_TIME 1
| #define HAVE_SVR4_PTYS 1
| #define RETSIGTYPE void
| #define SIGRETURN return
| #define HAVE_SIGCONTEXT 1
| #define HAVE_FCHDIR 1
| #define HAVE_FCHOWN 1
| #define HAVE_FSYNC 1
| #define HAVE_GETCWD 1
| #define HAVE_GETPWENT 1
| #define HAVE_GETPWNAM 1
| #define HAVE_GETPWUID 1
| #define HAVE_GETRLIMIT 1
| #define HAVE_GETTIMEOFDAY 1
| #define HAVE_GETWD 1
| #define HAVE_LSTAT 1
| #define HAVE_MEMSET 1
| #define HAVE_MKDTEMP 1
| #define HAVE_NANOSLEEP 1
| #define HAVE_OPENDIR 1
| #define HAVE_PUTENV 1
| #define HAVE_QSORT 1
| #define HAVE_READLINK 1
| #define HAVE_SELECT 1
| #define HAVE_SETENV 1
| #define HAVE_SETPGID 1
| #define HAVE_SETSID 1
| #define HAVE_SIGALTSTACK 1
| #define HAVE_SIGSTACK 1
| #define HAVE_SIGSET 1
| #define HAVE_SIGACTION 1
| #define HAVE_SIGPROCMASK 1
| #define HAVE_SIGVEC 1
| #define HAVE_STRCASECMP 1
| #define HAVE_STRERROR 1
| #define HAVE_STRFTIME 1
| #define HAVE_STRNCASECMP 1
| #define HAVE_STRPBRK 1
| #define HAVE_STRTOL 1
| #define HAVE_TGETENT 1
| #define HAVE_TOWLOWER 1
| #define HAVE_TOWUPPER 1
| #define HAVE_ISWUPPER 1
| #define HAVE_USLEEP 1
| #define HAVE_UTIME 1
| #define HAVE_UTIMES 1
| #define HAVE_FSEEKO 1
| #define HAVE_ST_BLKSIZE 1
| #define HAVE_ICONV 1
| #define HAVE_NL_LANGINFO_CODESET 1
| #define HAVE_LIBM 1
| #define HAVE_FLOAT_FUNCS 1
| #define HAVE_ISINF 1
| #define HAVE_ISNAN 1
| #define HAVE_PANGO_SHAPE_FULL 1
| #define HAVE_FD_CLOEXEC 1
| #define HAVE_RENAME 1
| /* end confdefs.h.  */
| #include <sys/types.h>
| #include <sys/sysctl.h>
| int
| main ()
| {
| 	int mib[2], r;
| 	size_t len;
| 
| 	mib[0] = CTL_HW;
| 	mib[1] = HW_USERMEM;
| 	len = sizeof(r);
| 	(void)sysctl(mib, 2, &r, &len, (void *)0, (size_t)0);
| 
|   ;
|   return 0;
| }
configure:13098: result: not usable
configure:13103: checking for sysinfo
configure:13122: gcc -c -g -O2  conftest.c >&5
configure:13122: $? = 0
configure:13123: result: yes
configure:13132: checking for sysinfo.mem_unit
configure:13148: gcc -c -g -O2  conftest.c >&5
configure:13148: $? = 0
configure:13149: result: yes
configure:13158: checking for sysconf
configure:13173: gcc -c -g -O2  conftest.c >&5
configure:13173: $? = 0
configure:13174: result: yes
configure:13187: checking size of int
configure:13206: result: 4
configure:13220: checking size of long
configure:13239: result: 8
configure:13253: checking size of time_t
configure:13272: result: 8
configure:13286: checking size of off_t
configure:13305: result: 8
configure:13325: checking uint32_t is 32 bits
configure:13347: gcc -o conftest -g -O2   -L/usr/local/lib conftest.c -lm -ltinfo -lnsl  >&5
conftest.c: In function 'main':
conftest.c:142:69: warning: incompatible implicit declaration of built-in function 'exit'
   if (sizeof(uint32_t) != 4 || nr1 != 0xffffffffUL || nr2 + 1 != 0) exit(1);
                                                                     ^
configure:13347: $? = 0
configure:13347: ./conftest
configure:13347: $? = 0
configure:13348: result: ok
configure:13381: checking whether memmove handles overlaps
configure:13411: result: yes
configure:13502: checking whether X_LOCALE needed
configure:13515: gcc -c -g -O2    conftest.c >&5
configure:13515: $? = 0
configure:13534: gcc -o conftest -g -O2     -L/usr/local/lib conftest.c -lm -ltinfo -lnsl        -lSM -lICE -lXt -lX11  -lXdmcp -lSM -lICE >&5
/tmp/cc0WLGH4.o: In function `main':
/home/mywen/vim/src/conftest.c:144: undefined reference to `_Xsetlocale'
collect2: error: ld returned 1 exit status
configure:13534: $? = 1
configure: failed program was:
| /* confdefs.h */
| #define PACKAGE_NAME ""
| #define PACKAGE_TARNAME ""
| #define PACKAGE_VERSION ""
| #define PACKAGE_STRING ""
| #define PACKAGE_BUGREPORT ""
| #define PACKAGE_URL ""
| #define UNIX 1
| #define STDC_HEADERS 1
| #define HAVE_SYS_WAIT_H 1
| #define FEAT_HUGE 1
| #define USE_XSMP_INTERACT 1
| #define HAVE_LIBNSL 1
| #define FEAT_NETBEANS_INTG 1
| #define FEAT_JOB_CHANNEL 1
| #define HAVE_X11 1
| #define HAVE_GTK_MULTIHEAD 1
| #define HAVE_X11_SM_SMLIB_H 1
| #define HAVE_X11_SUNKEYSYM_H 1
| #define FEAT_XIM 1
| #define HAVE_DATE_TIME 1
| #define HAVE_ATTRIBUTE_UNUSED 1
| #define HAVE_DIRENT_H 1
| #define HAVE_STDINT_H 1
| #define HAVE_STDLIB_H 1
| #define HAVE_STRING_H 1
| #define HAVE_SYS_SELECT_H 1
| #define HAVE_SYS_UTSNAME_H 1
| #define HAVE_TERMCAP_H 1
| #define HAVE_FCNTL_H 1
| #define HAVE_SGTTY_H 1
| #define HAVE_SYS_IOCTL_H 1
| #define HAVE_SYS_TIME_H 1
| #define HAVE_SYS_TYPES_H 1
| #define HAVE_TERMIO_H 1
| #define HAVE_ICONV_H 1
| #define HAVE_INTTYPES_H 1
| #define HAVE_LANGINFO_H 1
| #define HAVE_MATH_H 1
| #define HAVE_UNISTD_H 1
| #define HAVE_STROPTS_H 1
| #define HAVE_ERRNO_H 1
| #define HAVE_SYS_RESOURCE_H 1
| #define HAVE_LOCALE_H 1
| #define HAVE_TERMIOS_H 1
| #define HAVE_SYS_STATFS_H 1
| #define HAVE_POLL_H 1
| #define HAVE_SYS_POLL_H 1
| #define HAVE_PWD_H 1
| #define HAVE_UTIME_H 1
| #define HAVE_SYS_PARAM_H 1
| #define HAVE_LIBINTL_H 1
| #define HAVE_LIBGEN_H 1
| #define HAVE_SYS_SYSINFO_H 1
| #define HAVE_WCHAR_H 1
| #define HAVE_WCTYPE_H 1
| #define HAVE_SYS_SYSCTL_H 1
| #define HAVE_STRINGS_H 1
| #define TIME_WITH_SYS_TIME 1
| #define HAVE_LIBTINFO 1
| #define TERMINFO 1
| #define TGETENT_ZERO_ERR 0
| #define HAVE_OSPEED 1
| #define HAVE_UP_BC_PC 1
| #define SYS_SELECT_WITH_SYS_TIME 1
| #define HAVE_SVR4_PTYS 1
| #define RETSIGTYPE void
| #define SIGRETURN return
| #define HAVE_SIGCONTEXT 1
| #define HAVE_FCHDIR 1
| #define HAVE_FCHOWN 1
| #define HAVE_FSYNC 1
| #define HAVE_GETCWD 1
| #define HAVE_GETPWENT 1
| #define HAVE_GETPWNAM 1
| #define HAVE_GETPWUID 1
| #define HAVE_GETRLIMIT 1
| #define HAVE_GETTIMEOFDAY 1
| #define HAVE_GETWD 1
| #define HAVE_LSTAT 1
| #define HAVE_MEMSET 1
| #define HAVE_MKDTEMP 1
| #define HAVE_NANOSLEEP 1
| #define HAVE_OPENDIR 1
| #define HAVE_PUTENV 1
| #define HAVE_QSORT 1
| #define HAVE_READLINK 1
| #define HAVE_SELECT 1
| #define HAVE_SETENV 1
| #define HAVE_SETPGID 1
| #define HAVE_SETSID 1
| #define HAVE_SIGALTSTACK 1
| #define HAVE_SIGSTACK 1
| #define HAVE_SIGSET 1
| #define HAVE_SIGACTION 1
| #define HAVE_SIGPROCMASK 1
| #define HAVE_SIGVEC 1
| #define HAVE_STRCASECMP 1
| #define HAVE_STRERROR 1
| #define HAVE_STRFTIME 1
| #define HAVE_STRNCASECMP 1
| #define HAVE_STRPBRK 1
| #define HAVE_STRTOL 1
| #define HAVE_TGETENT 1
| #define HAVE_TOWLOWER 1
| #define HAVE_TOWUPPER 1
| #define HAVE_ISWUPPER 1
| #define HAVE_USLEEP 1
| #define HAVE_UTIME 1
| #define HAVE_UTIMES 1
| #define HAVE_FSEEKO 1
| #define HAVE_ST_BLKSIZE 1
| #define HAVE_ICONV 1
| #define HAVE_NL_LANGINFO_CODESET 1
| #define HAVE_LIBM 1
| #define HAVE_FLOAT_FUNCS 1
| #define HAVE_ISINF 1
| #define HAVE_ISNAN 1
| #define HAVE_PANGO_SHAPE_FULL 1
| #define HAVE_FD_CLOEXEC 1
| #define HAVE_RENAME 1
| #define HAVE_SYSINFO 1
| #define HAVE_SYSINFO_MEM_UNIT 1
| #define HAVE_SYSCONF 1
| #define SIZEOF_INT 4
| #define SIZEOF_LONG 8
| #define SIZEOF_TIME_T 8
| #define SIZEOF_OFF_T 8
| #define VIM_SIZEOF_INT 4
| #define VIM_SIZEOF_LONG 8
| #define USEMEMMOVE 1
| /* end confdefs.h.  */
| 
| /* Override any GCC internal prototype to avoid an error.
|    Use char because int might match the return type of a GCC
|    builtin and then its argument prototype would still apply.  */
| #ifdef __cplusplus
| extern "C"
| #endif
| char _Xsetlocale ();
| int
| main ()
| {
| return _Xsetlocale ();
|   ;
|   return 0;
| }
configure:13540: result: no
configure:13551: checking whether Xutf8SetWMProperties() can be used
configure:13571: gcc -o conftest -g -O2     -L/usr/local/lib conftest.c -lm -ltinfo -lnsl        -lSM -lICE -lXt -lX11  -lXdmcp -lSM -lICE >&5
configure:13571: $? = 0
configure:13572: result: yes
configure:13587: checking for _xpg4_setrunelocale in -lxpg4
configure:13621: result: no
configure:13628: checking how to create tags
Exuberant Ctags 5.9~svn20110310, Copyright (C) 1996-2009 Darren Hiebert
configure:13648: result: ctags -I INIT+ --fields=+S
configure:13651: checking how to run man with a section nr
configure:13655: result: man -s
configure:13662: checking --disable-nls argument
configure:13673: result: no
configure:13683: checking for msgfmt
configure:13710: result: msgfmt
configure:13718: checking for NLS
configure:13736: gcc -o conftest -g -O2   -L/usr/local/lib conftest.c  >&5
configure:13736: $? = 0
configure:13737: result: gettext() works
configure:13777: checking for bind_textdomain_codeset
configure:13777: result: yes
configure:13786: checking for _nl_msg_cat_cntr
configure:13800: gcc -o conftest -g -O2   -L/usr/local/lib conftest.c -lm -ltinfo -lnsl  >&5
configure:13800: $? = 0
configure:13801: result: yes
configure:13820: checking for dlfcn.h
configure:13820: result: yes
configure:13837: checking for dlopen()
configure:13853: gcc -o conftest -g -O2   -L/usr/local/lib conftest.c -lm -ltinfo -lnsl  >&5
/tmp/ccrtfdLt.o: In function `main':
/home/mywen/vim/src/conftest.c:145: undefined reference to `dlopen'
collect2: error: ld returned 1 exit status
configure:13853: $? = 1
configure: failed program was:
| /* confdefs.h */
| #define PACKAGE_NAME ""
| #define PACKAGE_TARNAME ""
| #define PACKAGE_VERSION ""
| #define PACKAGE_STRING ""
| #define PACKAGE_BUGREPORT ""
| #define PACKAGE_URL ""
| #define UNIX 1
| #define STDC_HEADERS 1
| #define HAVE_SYS_WAIT_H 1
| #define FEAT_HUGE 1
| #define USE_XSMP_INTERACT 1
| #define HAVE_LIBNSL 1
| #define FEAT_NETBEANS_INTG 1
| #define FEAT_JOB_CHANNEL 1
| #define HAVE_X11 1
| #define HAVE_GTK_MULTIHEAD 1
| #define HAVE_X11_SM_SMLIB_H 1
| #define HAVE_X11_SUNKEYSYM_H 1
| #define FEAT_XIM 1
| #define HAVE_DATE_TIME 1
| #define HAVE_ATTRIBUTE_UNUSED 1
| #define HAVE_DIRENT_H 1
| #define HAVE_STDINT_H 1
| #define HAVE_STDLIB_H 1
| #define HAVE_STRING_H 1
| #define HAVE_SYS_SELECT_H 1
| #define HAVE_SYS_UTSNAME_H 1
| #define HAVE_TERMCAP_H 1
| #define HAVE_FCNTL_H 1
| #define HAVE_SGTTY_H 1
| #define HAVE_SYS_IOCTL_H 1
| #define HAVE_SYS_TIME_H 1
| #define HAVE_SYS_TYPES_H 1
| #define HAVE_TERMIO_H 1
| #define HAVE_ICONV_H 1
| #define HAVE_INTTYPES_H 1
| #define HAVE_LANGINFO_H 1
| #define HAVE_MATH_H 1
| #define HAVE_UNISTD_H 1
| #define HAVE_STROPTS_H 1
| #define HAVE_ERRNO_H 1
| #define HAVE_SYS_RESOURCE_H 1
| #define HAVE_LOCALE_H 1
| #define HAVE_TERMIOS_H 1
| #define HAVE_SYS_STATFS_H 1
| #define HAVE_POLL_H 1
| #define HAVE_SYS_POLL_H 1
| #define HAVE_PWD_H 1
| #define HAVE_UTIME_H 1
| #define HAVE_SYS_PARAM_H 1
| #define HAVE_LIBINTL_H 1
| #define HAVE_LIBGEN_H 1
| #define HAVE_SYS_SYSINFO_H 1
| #define HAVE_WCHAR_H 1
| #define HAVE_WCTYPE_H 1
| #define HAVE_SYS_SYSCTL_H 1
| #define HAVE_STRINGS_H 1
| #define TIME_WITH_SYS_TIME 1
| #define HAVE_LIBTINFO 1
| #define TERMINFO 1
| #define TGETENT_ZERO_ERR 0
| #define HAVE_OSPEED 1
| #define HAVE_UP_BC_PC 1
| #define SYS_SELECT_WITH_SYS_TIME 1
| #define HAVE_SVR4_PTYS 1
| #define RETSIGTYPE void
| #define SIGRETURN return
| #define HAVE_SIGCONTEXT 1
| #define HAVE_FCHDIR 1
| #define HAVE_FCHOWN 1
| #define HAVE_FSYNC 1
| #define HAVE_GETCWD 1
| #define HAVE_GETPWENT 1
| #define HAVE_GETPWNAM 1
| #define HAVE_GETPWUID 1
| #define HAVE_GETRLIMIT 1
| #define HAVE_GETTIMEOFDAY 1
| #define HAVE_GETWD 1
| #define HAVE_LSTAT 1
| #define HAVE_MEMSET 1
| #define HAVE_MKDTEMP 1
| #define HAVE_NANOSLEEP 1
| #define HAVE_OPENDIR 1
| #define HAVE_PUTENV 1
| #define HAVE_QSORT 1
| #define HAVE_READLINK 1
| #define HAVE_SELECT 1
| #define HAVE_SETENV 1
| #define HAVE_SETPGID 1
| #define HAVE_SETSID 1
| #define HAVE_SIGALTSTACK 1
| #define HAVE_SIGSTACK 1
| #define HAVE_SIGSET 1
| #define HAVE_SIGACTION 1
| #define HAVE_SIGPROCMASK 1
| #define HAVE_SIGVEC 1
| #define HAVE_STRCASECMP 1
| #define HAVE_STRERROR 1
| #define HAVE_STRFTIME 1
| #define HAVE_STRNCASECMP 1
| #define HAVE_STRPBRK 1
| #define HAVE_STRTOL 1
| #define HAVE_TGETENT 1
| #define HAVE_TOWLOWER 1
| #define HAVE_TOWUPPER 1
| #define HAVE_ISWUPPER 1
| #define HAVE_USLEEP 1
| #define HAVE_UTIME 1
| #define HAVE_UTIMES 1
| #define HAVE_FSEEKO 1
| #define HAVE_ST_BLKSIZE 1
| #define HAVE_ICONV 1
| #define HAVE_NL_LANGINFO_CODESET 1
| #define HAVE_LIBM 1
| #define HAVE_FLOAT_FUNCS 1
| #define HAVE_ISINF 1
| #define HAVE_ISNAN 1
| #define HAVE_PANGO_SHAPE_FULL 1
| #define HAVE_FD_CLOEXEC 1
| #define HAVE_RENAME 1
| #define HAVE_SYSINFO 1
| #define HAVE_SYSINFO_MEM_UNIT 1
| #define HAVE_SYSCONF 1
| #define SIZEOF_INT 4
| #define SIZEOF_LONG 8
| #define SIZEOF_TIME_T 8
| #define SIZEOF_OFF_T 8
| #define VIM_SIZEOF_INT 4
| #define VIM_SIZEOF_LONG 8
| #define USEMEMMOVE 1
| #define HAVE_XUTF8SETWMPROPERTIES 1
| #define USEMAN_S 1
| #define HAVE_GETTEXT 1
| #define HAVE_BIND_TEXTDOMAIN_CODESET 1
| #define HAVE_NL_MSG_CAT_CNTR 1
| #define HAVE_DLFCN_H 1
| /* end confdefs.h.  */
| 
| int
| main ()
| {
| 
| 		extern void* dlopen();
| 		dlopen();
| 
|   ;
|   return 0;
| }
configure:13860: result: no
configure:13862: checking for dlopen() in -ldl
configure:13880: gcc -o conftest -g -O2   -L/usr/local/lib conftest.c -lm -ltinfo -lnsl  -ldl >&5
configure:13880: $? = 0
configure:13881: result: yes
configure:13896: checking for dlsym()
configure:13912: gcc -o conftest -g -O2   -L/usr/local/lib conftest.c -lm -ltinfo -lnsl  -ldl >&5
configure:13912: $? = 0
configure:13913: result: yes
configure:14021: checking for setjmp.h
configure:14021: result: yes
configure:14061: checking for GCC 3 or later
configure:14066: result: yes
configure:14072: checking whether we need -D_FORTIFY_SOURCE=1
configure:14076: result: yes
configure:14085: checking linker --as-needed support
configure:14094: result: yes
configure:14224: creating auto/config.status

## ---------------------- ##
## Running config.status. ##
## ---------------------- ##

This file was extended by config.status, which was
generated by GNU Autoconf 2.69.  Invocation command line was

  CONFIG_FILES    = 
  CONFIG_HEADERS  = 
  CONFIG_LINKS    = 
  CONFIG_COMMANDS = 
  $ auto/config.status 

on ficussigma

config.status:1035: creating auto/config.mk
config.status:1035: creating auto/config.h
config.status:1205: auto/config.h is unchanged

## ---------------- ##
## Cache variables. ##
## ---------------- ##

ac_cv_c_bigendian=no
ac_cv_c_compiler_gnu=yes
ac_cv_c_const=yes
ac_cv_c_inline=inline
ac_cv_c_uint32_t=yes
ac_cv_c_volatile=yes
ac_cv_env_CC_set=
ac_cv_env_CC_value=
ac_cv_env_CFLAGS_set=
ac_cv_env_CFLAGS_value=
ac_cv_env_CPPFLAGS_set=
ac_cv_env_CPPFLAGS_value=
ac_cv_env_CPP_set=
ac_cv_env_CPP_value=
ac_cv_env_LDFLAGS_set=
ac_cv_env_LDFLAGS_value=
ac_cv_env_LIBS_set=
ac_cv_env_LIBS_value=
ac_cv_env_XMKMF_set=
ac_cv_env_XMKMF_value=
ac_cv_env_build_alias_set=
ac_cv_env_build_alias_value=
ac_cv_env_host_alias_set=
ac_cv_env_host_alias_value=
ac_cv_env_target_alias_set=
ac_cv_env_target_alias_value=
ac_cv_func_bind_textdomain_codeset=yes
ac_cv_func_connect=yes
ac_cv_func_fchdir=yes
ac_cv_func_fchown=yes
ac_cv_func_fsync=yes
ac_cv_func_getcwd=yes
ac_cv_func_gethostbyname=yes
ac_cv_func_getpseudotty=no
ac_cv_func_getpwent=yes
ac_cv_func_getpwnam=yes
ac_cv_func_getpwuid=yes
ac_cv_func_getrlimit=yes
ac_cv_func_gettimeofday=yes
ac_cv_func_getwd=yes
ac_cv_func_iswupper=yes
ac_cv_func_lstat=yes
ac_cv_func_memset=yes
ac_cv_func_mkdtemp=yes
ac_cv_func_nanosleep=yes
ac_cv_func_opendir=yes
ac_cv_func_putenv=yes
ac_cv_func_qsort=yes
ac_cv_func_readlink=yes
ac_cv_func_remove=yes
ac_cv_func_select=yes
ac_cv_func_setenv=yes
ac_cv_func_setpgid=yes
ac_cv_func_setsid=yes
ac_cv_func_shmat=yes
ac_cv_func_sigaction=yes
ac_cv_func_sigaltstack=yes
ac_cv_func_sigprocmask=yes
ac_cv_func_sigset=yes
ac_cv_func_sigsetjmp=no
ac_cv_func_sigstack=yes
ac_cv_func_sigvec=yes
ac_cv_func_strcasecmp=yes
ac_cv_func_strerror=yes
ac_cv_func_strftime=yes
ac_cv_func_stricmp=no
ac_cv_func_strncasecmp=yes
ac_cv_func_strnicmp=no
ac_cv_func_strpbrk=yes
ac_cv_func_strtol=yes
ac_cv_func_tgetent=yes
ac_cv_func_towlower=yes
ac_cv_func_towupper=yes
ac_cv_func_usleep=yes
ac_cv_func_utime=yes
ac_cv_func_utimes=yes
ac_cv_have_x='have_x=yes	ac_x_includes='\'''\''	ac_x_libraries='\'''\'''
ac_cv_header_AvailabilityMacros_h=no
ac_cv_header_X11_SM_SMlib_h=yes
ac_cv_header_X11_Sunkeysym_h=yes
ac_cv_header_X11_xpm_h=no
ac_cv_header_attr_xattr_h=no
ac_cv_header_dirent_dirent_h=yes
ac_cv_header_dlfcn_h=yes
ac_cv_header_elf_h=yes
ac_cv_header_errno_h=yes
ac_cv_header_fcntl_h=yes
ac_cv_header_frame_h=no
ac_cv_header_iconv_h=yes
ac_cv_header_inttypes_h=yes
ac_cv_header_langinfo_h=yes
ac_cv_header_libc_h=no
ac_cv_header_libgen_h=yes
ac_cv_header_libintl_h=yes
ac_cv_header_linux_xattr_h=yes
ac_cv_header_locale_h=yes
ac_cv_header_math_h=yes
ac_cv_header_poll_h=yes
ac_cv_header_pwd_h=yes
ac_cv_header_setjmp_h=yes
ac_cv_header_sgtty_h=yes
ac_cv_header_stdc=yes
ac_cv_header_stdint_h=yes
ac_cv_header_stdlib_h=yes
ac_cv_header_string_h=yes
ac_cv_header_strings_h=yes
ac_cv_header_stropts_h=yes
ac_cv_header_sys_access_h=no
ac_cv_header_sys_acl_h=no
ac_cv_header_sys_ioctl_h=yes
ac_cv_header_sys_param_h=yes
ac_cv_header_sys_poll_h=yes
ac_cv_header_sys_ptem_h=no
ac_cv_header_sys_resource_h=yes
ac_cv_header_sys_select_h=yes
ac_cv_header_sys_statfs_h=yes
ac_cv_header_sys_stream_h=no
ac_cv_header_sys_sysctl_h=yes
ac_cv_header_sys_sysinfo_h=yes
ac_cv_header_sys_systeminfo_h=no
ac_cv_header_sys_time_h=yes
ac_cv_header_sys_types_h=yes
ac_cv_header_sys_utsname_h=yes
ac_cv_header_sys_wait_h=yes
ac_cv_header_termcap_h=yes
ac_cv_header_termio_h=yes
ac_cv_header_termios_h=yes
ac_cv_header_time=yes
ac_cv_header_unistd_h=yes
ac_cv_header_util_debug_h=no
ac_cv_header_util_msg18n_h=no
ac_cv_header_utime_h=yes
ac_cv_header_wchar_h=yes
ac_cv_header_wctype_h=yes
ac_cv_lib_ICE_IceConnectionNumber=yes
ac_cv_lib_ICE_IceOpenConnection=yes
ac_cv_lib_Xdmcp__XdmcpAuthDoIt=yes
ac_cv_lib_Xpm_XpmCreatePixmapFromData=no
ac_cv_lib_acl_acl_get_file=no
ac_cv_lib_elf_main=no
ac_cv_lib_m_strtod=yes
ac_cv_lib_nsl_gethostbyname=yes
ac_cv_lib_posix1e_acl_get_file=no
ac_cv_lib_sec_acl_get=no
ac_cv_lib_selinux_is_selinux_enabled=no
ac_cv_lib_socket_socket=no
ac_cv_lib_tinfo___tgetent=yes
ac_cv_lib_xpg4__xpg4_setrunelocale=no
ac_cv_objext=o
ac_cv_path_EGREP='/bin/grep -E'
ac_cv_path_FGREP='/bin/grep -F'
ac_cv_path_GREP=/bin/grep
ac_cv_path_GTK_UPDATE_ICON_CACHE=/usr/bin/gtk-update-icon-cache
ac_cv_path_PKG_CONFIG=/usr/bin/pkg-config
ac_cv_path_UPDATE_DESKTOP_DATABASE=/usr/bin/update-desktop-database
ac_cv_path_vi_cv_path_perl=/usr/bin/perl
ac_cv_path_vi_cv_path_python3=/usr/bin/python3
ac_cv_path_vi_cv_path_python=/usr/bin/python2
ac_cv_path_vi_cv_path_ruby=/usr/bin/ruby
ac_cv_prog_AWK=gawk
ac_cv_prog_CPP='gcc -E'
ac_cv_prog_MSGFMT=msgfmt
ac_cv_prog_STRIP=strip
ac_cv_prog_ac_ct_CC=gcc
ac_cv_prog_cc_c89=
ac_cv_prog_cc_g=yes
ac_cv_prog_gcc_traditional=no
ac_cv_prog_make_make_set=yes
ac_cv_search_opendir='none required'
ac_cv_search_strerror='none required'
ac_cv_sizeof_int=4
ac_cv_sizeof_long=8
ac_cv_sizeof_off_t=8
ac_cv_sizeof_time_t=8
ac_cv_small_wchar_t=no
ac_cv_sys_file_offset_bits=no
ac_cv_sys_largefile_CC=no
ac_cv_sys_largefile_source=no
ac_cv_type_dev_t=yes
ac_cv_type_ino_t=yes
ac_cv_type_mode_t=yes
ac_cv_type_off_t=yes
ac_cv_type_pid_t=yes
ac_cv_type_rlim_t=yes
ac_cv_type_signal=void
ac_cv_type_size_t=yes
ac_cv_type_stack_t=yes
ac_cv_type_uid_t=yes
cf_cv_ebcdic=no
vi_cv_dll_name_python3=libpython3.4m.so.1.0
vi_cv_dll_name_python=libpython2.7.so.1.0
vi_cv_have_gpm=no
vi_cv_have_sysmouse=no
vi_cv_path_lua=
vi_cv_path_lua_pfx=
vi_cv_path_perl=/usr/bin/perl
vi_cv_path_plain_lua=
vi_cv_path_python3=/usr/bin/python3
vi_cv_path_python3_conf=/usr/lib/python3.4/config-3.4m-x86_64-linux-gnu
vi_cv_path_python3_epfx=/usr
vi_cv_path_python3_pfx=/usr
vi_cv_path_python3_plibs='-L/usr/lib/python3.4/config-3.4m-x86_64-linux-gnu/ -lpython3.4m -lpthread -ldl -lutil -lm'
vi_cv_path_python3path=:/usr/lib/python3.4:/usr/lib/python3.4/plat-x86_64-linux-gnu:/usr/lib/python3.4/lib-dynload:/usr/local/lib/python3.4/dist-packages:/usr/lib/python3/dist-packages
vi_cv_path_python=/usr/bin/python2
vi_cv_path_python_conf=/usr/lib/python2.7/config-x86_64-linux-gnu
vi_cv_path_python_epfx=/usr
vi_cv_path_python_pfx=/usr
vi_cv_path_python_plibs='-L/usr/lib/python2.7/config-x86_64-linux-gnu/ -lpython2.7 -lpthread -ldl -lutil -lm -Xlinker -export-dynamic -Wl,-O1 -Wl,-Bsymbolic-functions'
vi_cv_path_pythonpath=:/usr/local/lib/python2.7/dist-packages/setuptools-0.9.1-py2.7.egg:/usr/local/lib/python2.7/dist-packages/bunch-1.0.1-py2.7.egg:/usr/local/lib/python2.7/dist-packages/psutil-1.0.1-py2.7-linux-x86_64.egg:/usr/local/lib/python2.7/dist-packages/python_jsonrpc-0.3.4-py2.7.egg:/usr/local/lib/python2.7/dist-packages/requests-2.2.0-py2.7.egg:/usr/local/lib/python2.7/dist-packages/Wand-0.3.5-py2.7.egg:/usr/local/lib/python2.7/dist-packages/Flask-0.10.1-py2.7.egg:/usr/local/lib/python2.7/dist-packages/Jinja2-2.7.2-py2.7.egg:/usr/local/lib/python2.7/dist-packages/Werkzeug-0.9.4-py2.7.egg:/usr/local/lib/python2.7/dist-packages/MarkupSafe-0.18-py2.7-linux-x86_64.egg:/usr/local/lib/python2.7/dist-packages/itsdangerous-0.23-py2.7.egg:/usr/lib/python2.7:/usr/lib/python2.7/plat-x86_64-linux-gnu:/usr/lib/python2.7/lib-tk:/usr/lib/python2.7/lib-old:/usr/lib/python2.7/lib-dynload:/usr/local/lib/python2.7/dist-packages:/usr/lib/python2.7/dist-packages:/usr/lib/python2.7/dist-packages/PILcompat:/usr/lib/python2.7/dist-packages/gst-0.10:/usr/lib/python2.7/dist-packages/gtk-2.0:/usr/lib/pymodules/python2.7:/usr/lib/python2.7/dist-packages/ubuntu-sso-client
vi_cv_path_ruby=/usr/bin/ruby
vi_cv_perl_extutils=unknown_perl_extutils_path
vi_cv_perl_xsubpp=/usr/share/perl/5.18/ExtUtils/xsubpp
vi_cv_perllib=/usr/share/perl/5.18
vi_cv_var_python3_abiflags=m
vi_cv_var_python3_version=3.4
vi_cv_var_python_version=2.7
vi_cv_version_lua=
vi_cv_with_luajit=no
vim_cv_getcwd_broken=no
vim_cv_memmove_handles_overlap=yes
vim_cv_stat_ignores_slash=no
vim_cv_terminfo=yes
vim_cv_tgent=zero
vim_cv_toupper_broken=no
vim_cv_tty_group=world

## ----------------- ##
## Output variables. ##
## ----------------- ##

AWK='gawk'
CC='gcc'
CFLAGS='-g -O2 -U_FORTIFY_SOURCE -D_FORTIFY_SOURCE=1'
CHANNEL_OBJ='objects/channel.o'
CHANNEL_SRC='channel.c'
CPP='gcc -E'
CPPFLAGS=''
CPP_MM='M'
CROSS_COMPILING=''
DEFS='-DHAVE_CONFIG_H'
DEPEND_CFLAGS_FILTER='| sed '\''s+-I */+-isystem /+g'\'''
ECHO_C=''
ECHO_N='-n'
ECHO_T=''
EGREP='/bin/grep -E'
EXEEXT=''
EXNAME='ex'
FGREP='/bin/grep -F'
GLIB_COMPILE_RESOURCES=''
GNOME_INCLUDEDIR=''
GNOME_LIBDIR=''
GNOME_LIBS=''
GREP='/bin/grep'
GRESOURCE_OBJ=''
GRESOURCE_SRC=''
GTK_CFLAGS='-pthread -I/usr/include/gtk-2.0 -I/usr/lib/x86_64-linux-gnu/gtk-2.0/include -I/usr/include/atk-1.0 -I/usr/include/cairo -I/usr/include/gdk-pixbuf-2.0 -I/usr/include/pango-1.0 -I/usr/include/gio-unix-2.0/ -I/usr/include/freetype2 -I/usr/include/glib-2.0 -I/usr/lib/x86_64-linux-gnu/glib-2.0/include -I/usr/include/pixman-1 -I/usr/include/libpng12 -I/usr/include/harfbuzz  '
GTK_LIBNAME='-lgtk-x11-2.0 -lgdk-x11-2.0 -latk-1.0 -lgio-2.0 -lpangoft2-1.0 -lpangocairo-1.0 -lgdk_pixbuf-2.0 -lcairo -lpango-1.0 -lfontconfig -lgobject-2.0 -lglib-2.0 -lfreetype  '
GTK_LIBS='-lgtk-x11-2.0 -lgdk-x11-2.0 -latk-1.0 -lgio-2.0 -lpangoft2-1.0 -lpangocairo-1.0 -lgdk_pixbuf-2.0 -lcairo -lpango-1.0 -lfontconfig -lgobject-2.0 -lglib-2.0 -lfreetype  '
GTK_UPDATE_ICON_CACHE='/usr/bin/gtk-update-icon-cache'
GUITYPE='GTK'
GUI_INC_LOC='-pthread -I/usr/include/gtk-2.0 -I/usr/lib/x86_64-linux-gnu/gtk-2.0/include -I/usr/include/atk-1.0 -I/usr/include/cairo -I/usr/include/gdk-pixbuf-2.0 -I/usr/include/pango-1.0 -I/usr/include/gio-unix-2.0/ -I/usr/include/freetype2 -I/usr/include/glib-2.0 -I/usr/lib/x86_64-linux-gnu/glib-2.0/include -I/usr/include/pixman-1 -I/usr/include/libpng12 -I/usr/include/harfbuzz  '
GUI_LIB_LOC=' '
GUI_X_LIBS=''
HANGULIN_OBJ=''
HANGULIN_SRC=''
INSTALL_LANGS='install-languages'
INSTALL_TOOL_LANGS='install-tool-languages'
LDFLAGS=' -L/usr/local/lib -Wl,--as-needed'
LIBOBJS=''
LIBS='-lm -ltinfo -lnsl  -ldl'
LINK_AS_NEEDED='yes'
LTLIBOBJS=''
LUA_CFLAGS=''
LUA_LIBS=''
LUA_OBJ=''
LUA_PRO=''
LUA_SRC=''
MAKEMO='yes'
MOTIF_LIBNAME=''
MSGFMT='msgfmt'
MZSCHEME_CFLAGS=''
MZSCHEME_EXTRA=''
MZSCHEME_LIBS=''
MZSCHEME_MZC=''
MZSCHEME_OBJ=''
MZSCHEME_PRO=''
MZSCHEME_SRC=''
NARROW_PROTO=''
NETBEANS_OBJ='objects/netbeans.o'
NETBEANS_SRC='netbeans.c'
OBJEXT='o'
OS_EXTRA_OBJ=''
OS_EXTRA_SRC=''
PACKAGE_BUGREPORT=''
PACKAGE_NAME=''
PACKAGE_STRING=''
PACKAGE_TARNAME=''
PACKAGE_URL=''
PACKAGE_VERSION=''
PATH_SEPARATOR=':'
PERL_CFLAGS=''
PERL_LIBS=''
PERL_OBJ=''
PERL_PRO=''
PERL_SRC=''
PKG_CONFIG='/usr/bin/pkg-config'
PYTHON3_CFLAGS=''
PYTHON3_CONFDIR=''
PYTHON3_LIBS=''
PYTHON3_OBJ=''
PYTHON3_SRC=''
PYTHON_CFLAGS=''
PYTHON_CONFDIR=''
PYTHON_GETPATH_CFLAGS=''
PYTHON_LIBS=''
PYTHON_OBJ=''
PYTHON_SRC=''
QUOTESED='sed -e '\''s/[\\"]/\\&/g'\'' -e '\''s/\\"/"/'\'' -e '\''s/\\";$$/";/'\'''
RUBY_CFLAGS=''
RUBY_LIBS=''
RUBY_OBJ=''
RUBY_PRO=''
RUBY_SRC=''
SET_MAKE=''
SHELL='/bin/bash'
STRIP='strip'
TAGPRG='ctags -I INIT+ --fields=+S'
TCL_CFLAGS=''
TCL_LIBS=''
TCL_OBJ=''
TCL_PRO=''
TCL_SRC=''
UPDATE_DESKTOP_DATABASE='/usr/bin/update-desktop-database'
VIEWNAME='view'
VIMNAME='vim'
WORKSHOP_OBJ=''
WORKSHOP_SRC=''
XCODE_SELECT=''
XMKMF=''
X_CFLAGS=' '
X_EXTRA_LIBS=' -lXdmcp -lSM -lICE'
X_LIB='-lXt -lX11'
X_LIBS=' '
X_PRE_LIBS=' -lSM -lICE'
ac_ct_CC='gcc'
bindir='${exec_prefix}/bin'
build_alias=''
compiledby=''
datadir='${datarootdir}'
datarootdir='${prefix}/share'
docdir='${datarootdir}/doc/${PACKAGE}'
dogvimdiff='installgvimdiff'
dovimdiff='installvimdiff'
dvidir='${docdir}'
exec_prefix='${prefix}'
host_alias=''
htmldir='${docdir}'
includedir='${prefix}/include'
infodir='${datarootdir}/info'
libdir='${exec_prefix}/lib'
libexecdir='${exec_prefix}/libexec'
line_break='"\\012"'
localedir='${datarootdir}/locale'
localstatedir='${prefix}/var'
mandir='${datarootdir}/man'
oldincludedir='/usr/include'
pdfdir='${docdir}'
prefix='/usr/local'
program_transform_name='s,x,x,'
psdir='${docdir}'
runstatedir='${localstatedir}/run'
sbindir='${exec_prefix}/sbin'
sharedstatedir='${prefix}/com'
shrpenv=''
sysconfdir='${prefix}/etc'
target_alias=''
vi_cv_path_lua=''
vi_cv_path_luajit=''
vi_cv_path_mzscheme=''
vi_cv_path_perl='/usr/bin/perl'
vi_cv_path_plain_lua=''
vi_cv_path_python3='/usr/bin/python3'
vi_cv_path_python='/usr/bin/python2'
vi_cv_path_ruby='/usr/bin/ruby'
vi_cv_path_tcl=''
vi_cv_perl_xsubpp='/usr/share/perl/5.18/ExtUtils/xsubpp'
vi_cv_perllib='/usr/share/perl/5.18'
xmkmfpath=''

## ----------- ##
## confdefs.h. ##
## ----------- ##

/* confdefs.h */
#define PACKAGE_NAME ""
#define PACKAGE_TARNAME ""
#define PACKAGE_VERSION ""
#define PACKAGE_STRING ""
#define PACKAGE_BUGREPORT ""
#define PACKAGE_URL ""
#define UNIX 1
#define STDC_HEADERS 1
#define HAVE_SYS_WAIT_H 1
#define FEAT_HUGE 1
#define USE_XSMP_INTERACT 1
#define HAVE_LIBNSL 1
#define FEAT_NETBEANS_INTG 1
#define FEAT_JOB_CHANNEL 1
#define HAVE_X11 1
#define HAVE_GTK_MULTIHEAD 1
#define HAVE_X11_SM_SMLIB_H 1
#define HAVE_X11_SUNKEYSYM_H 1
#define FEAT_XIM 1
#define HAVE_DATE_TIME 1
#define HAVE_ATTRIBUTE_UNUSED 1
#define HAVE_DIRENT_H 1
#define HAVE_STDINT_H 1
#define HAVE_STDLIB_H 1
#define HAVE_STRING_H 1
#define HAVE_SYS_SELECT_H 1
#define HAVE_SYS_UTSNAME_H 1
#define HAVE_TERMCAP_H 1
#define HAVE_FCNTL_H 1
#define HAVE_SGTTY_H 1
#define HAVE_SYS_IOCTL_H 1
#define HAVE_SYS_TIME_H 1
#define HAVE_SYS_TYPES_H 1
#define HAVE_TERMIO_H 1
#define HAVE_ICONV_H 1
#define HAVE_INTTYPES_H 1
#define HAVE_LANGINFO_H 1
#define HAVE_MATH_H 1
#define HAVE_UNISTD_H 1
#define HAVE_STROPTS_H 1
#define HAVE_ERRNO_H 1
#define HAVE_SYS_RESOURCE_H 1
#define HAVE_LOCALE_H 1
#define HAVE_TERMIOS_H 1
#define HAVE_SYS_STATFS_H 1
#define HAVE_POLL_H 1
#define HAVE_SYS_POLL_H 1
#define HAVE_PWD_H 1
#define HAVE_UTIME_H 1
#define HAVE_SYS_PARAM_H 1
#define HAVE_LIBINTL_H 1
#define HAVE_LIBGEN_H 1
#define HAVE_SYS_SYSINFO_H 1
#define HAVE_WCHAR_H 1
#define HAVE_WCTYPE_H 1
#define HAVE_SYS_SYSCTL_H 1
#define HAVE_STRINGS_H 1
#define TIME_WITH_SYS_TIME 1
#define HAVE_LIBTINFO 1
#define TERMINFO 1
#define TGETENT_ZERO_ERR 0
#define HAVE_OSPEED 1
#define HAVE_UP_BC_PC 1
#define SYS_SELECT_WITH_SYS_TIME 1
#define HAVE_SVR4_PTYS 1
#define RETSIGTYPE void
#define SIGRETURN return
#define HAVE_SIGCONTEXT 1
#define HAVE_FCHDIR 1
#define HAVE_FCHOWN 1
#define HAVE_FSYNC 1
#define HAVE_GETCWD 1
#define HAVE_GETPWENT 1
#define HAVE_GETPWNAM 1
#define HAVE_GETPWUID 1
#define HAVE_GETRLIMIT 1
#define HAVE_GETTIMEOFDAY 1
#define HAVE_GETWD 1
#define HAVE_LSTAT 1
#define HAVE_MEMSET 1
#define HAVE_MKDTEMP 1
#define HAVE_NANOSLEEP 1
#define HAVE_OPENDIR 1
#define HAVE_PUTENV 1
#define HAVE_QSORT 1
#define HAVE_READLINK 1
#define HAVE_SELECT 1
#define HAVE_SETENV 1
#define HAVE_SETPGID 1
#define HAVE_SETSID 1
#define HAVE_SIGALTSTACK 1
#define HAVE_SIGSTACK 1
#define HAVE_SIGSET 1
#define HAVE_SIGACTION 1
#define HAVE_SIGPROCMASK 1
#define HAVE_SIGVEC 1
#define HAVE_STRCASECMP 1
#define HAVE_STRERROR 1
#define HAVE_STRFTIME 1
#define HAVE_STRNCASECMP 1
#define HAVE_STRPBRK 1
#define HAVE_STRTOL 1
#define HAVE_TGETENT 1
#define HAVE_TOWLOWER 1
#define HAVE_TOWUPPER 1
#define HAVE_ISWUPPER 1
#define HAVE_USLEEP 1
#define HAVE_UTIME 1
#define HAVE_UTIMES 1
#define HAVE_FSEEKO 1
#define HAVE_ST_BLKSIZE 1
#define HAVE_ICONV 1
#define HAVE_NL_LANGINFO_CODESET 1
#define HAVE_LIBM 1
#define HAVE_FLOAT_FUNCS 1
#define HAVE_ISINF 1
#define HAVE_ISNAN 1
#define HAVE_PANGO_SHAPE_FULL 1
#define HAVE_FD_CLOEXEC 1
#define HAVE_RENAME 1
#define HAVE_SYSINFO 1
#define HAVE_SYSINFO_MEM_UNIT 1
#define HAVE_SYSCONF 1
#define SIZEOF_INT 4
#define SIZEOF_LONG 8
#define SIZEOF_TIME_T 8
#define SIZEOF_OFF_T 8
#define VIM_SIZEOF_INT 4
#define VIM_SIZEOF_LONG 8
#define USEMEMMOVE 1
#define HAVE_XUTF8SETWMPROPERTIES 1
#define USEMAN_S 1
#define HAVE_GETTEXT 1
#define HAVE_BIND_TEXTDOMAIN_CODESET 1
#define HAVE_NL_MSG_CAT_CNTR 1
#define HAVE_DLFCN_H 1
#define HAVE_DLOPEN 1
#define HAVE_DLSYM 1
#define HAVE_SETJMP_H 1

configure: exit 0
